{"/Users/kaitakumi/Documents/bono-training/src/__tests__/setup.ts": {"path":"/Users/kaitakumi/Documents/bono-training/src/__tests__/setup.ts","statementMap":{"0":{"start":{"line":5,"column":0},"end":{"line":20,"column":4}},"1":{"start":{"line":5,"column":51},"end":{"line":20,"column":2}},"2":{"start":{"line":13,"column":25},"end":{"line":18,"column":6}},"3":{"start":{"line":23,"column":0},"end":{"line":30,"column":3}},"4":{"start":{"line":24,"column":17},"end":{"line":24,"column":55}},"5":{"start":{"line":25,"column":2},"end":{"line":28,"column":null}},"6":{"start":{"line":27,"column":23},"end":{"line":27,"column":32}},"7":{"start":{"line":28,"column":22},"end":{"line":28,"column":78}},"8":{"start":{"line":33,"column":0},"end":{"line":37,"column":4}},"9":{"start":{"line":33,"column":38},"end":{"line":37,"column":2}},"10":{"start":{"line":34,"column":19},"end":{"line":36,"column":4}},"11":{"start":{"line":2,"column":0},"end":{"line":2,"column":35}}},"fnMap":{"0":{"name":"(anonymous_0)","decl":{"start":{"line":5,"column":44},"end":{"line":5,"column":47}},"loc":{"start":{"line":5,"column":51},"end":{"line":20,"column":2}}},"1":{"name":"(anonymous_1)","decl":{"start":{"line":13,"column":18},"end":{"line":13,"column":21}},"loc":{"start":{"line":13,"column":25},"end":{"line":18,"column":6}}},"2":{"name":"(anonymous_2)","decl":{"start":{"line":23,"column":30},"end":{"line":23,"column":33}},"loc":{"start":{"line":23,"column":35},"end":{"line":30,"column":1}}},"3":{"name":"(anonymous_3)","decl":{"start":{"line":27,"column":17},"end":{"line":27,"column":20}},"loc":{"start":{"line":27,"column":23},"end":{"line":27,"column":32}}},"4":{"name":"(anonymous_4)","decl":{"start":{"line":28,"column":15},"end":{"line":28,"column":18}},"loc":{"start":{"line":28,"column":22},"end":{"line":28,"column":78}}},"5":{"name":"(anonymous_5)","decl":{"start":{"line":33,"column":31},"end":{"line":33,"column":34}},"loc":{"start":{"line":33,"column":38},"end":{"line":37,"column":2}}},"6":{"name":"(anonymous_6)","decl":{"start":{"line":34,"column":12},"end":{"line":34,"column":15}},"loc":{"start":{"line":34,"column":19},"end":{"line":36,"column":4}}}},"branchMap":{},"s":{"0":0,"1":0,"2":0,"3":0,"4":0,"5":0,"6":0,"7":0,"8":0,"9":0,"10":0,"11":0},"f":{"0":0,"1":0,"2":0,"3":0,"4":0,"5":0,"6":0},"b":{}}
,"/Users/kaitakumi/Documents/bono-training/src/__tests__/edge-functions/test-utils.ts": {"path":"/Users/kaitakumi/Documents/bono-training/src/__tests__/edge-functions/test-utils.ts","statementMap":{"0":{"start":{"line":6,"column":40},"end":{"line":28,"column":2}},"1":{"start":{"line":6,"column":60},"end":{"line":28,"column":2}},"2":{"start":{"line":8,"column":31},"end":{"line":26,"column":6}},"3":{"start":{"line":9,"column":45},"end":{"line":12,"column":8}},"4":{"start":{"line":14,"column":21},"end":{"line":14,"column":50}},"5":{"start":{"line":15,"column":8},"end":{"line":20,"column":9}},"6":{"start":{"line":16,"column":10},"end":{"line":19,"column":13}},"7":{"start":{"line":17,"column":32},"end":{"line":17,"column":53}},"8":{"start":{"line":21,"column":8},"end":{"line":24,"column":11}},"9":{"start":{"line":6,"column":13},"end":{"line":6,"column":40}},"10":{"start":{"line":33,"column":13},"end":{"line":100,"column":2}},"11":{"start":{"line":105,"column":13},"end":{"line":141,"column":2}},"12":{"start":{"line":146,"column":13},"end":{"line":172,"column":2}},"13":{"start":{"line":147,"column":60},"end":{"line":158,"column":null}},"14":{"start":{"line":148,"column":4},"end":{"line":148,"column":38}},"15":{"start":{"line":149,"column":4},"end":{"line":149,"column":79}},"16":{"start":{"line":151,"column":17},"end":{"line":151,"column":38}},"17":{"start":{"line":152,"column":4},"end":{"line":152,"column":36}},"18":{"start":{"line":153,"column":4},"end":{"line":153,"column":36}},"19":{"start":{"line":154,"column":4},"end":{"line":156,"column":5}},"20":{"start":{"line":155,"column":6},"end":{"line":155,"column":70}},"21":{"start":{"line":157,"column":4},"end":{"line":157,"column":16}},"22":{"start":{"line":160,"column":61},"end":{"line":171,"column":null}},"23":{"start":{"line":161,"column":4},"end":{"line":161,"column":56}},"24":{"start":{"line":162,"column":4},"end":{"line":162,"column":79}},"25":{"start":{"line":164,"column":17},"end":{"line":164,"column":38}},"26":{"start":{"line":165,"column":4},"end":{"line":165,"column":37}},"27":{"start":{"line":166,"column":4},"end":{"line":166,"column":37}},"28":{"start":{"line":167,"column":4},"end":{"line":169,"column":5}},"29":{"start":{"line":168,"column":6},"end":{"line":168,"column":49}},"30":{"start":{"line":170,"column":4},"end":{"line":170,"column":16}}},"fnMap":{"0":{"name":"(anonymous_7)","decl":{"start":{"line":6,"column":40},"end":{"line":6,"column":41}},"loc":{"start":{"line":6,"column":60},"end":{"line":28,"column":2}}},"1":{"name":"(anonymous_8)","decl":{"start":{"line":8,"column":10},"end":{"line":8,"column":11}},"loc":{"start":{"line":8,"column":31},"end":{"line":26,"column":6}}},"2":{"name":"(anonymous_9)","decl":{"start":{"line":9,"column":12},"end":{"line":9,"column":13}},"loc":{"start":{"line":9,"column":45},"end":{"line":12,"column":8}}},"3":{"name":"(anonymous_10)","decl":{"start":{"line":13,"column":16},"end":{"line":13,"column":17}},"loc":{"start":{"line":13,"column":33},"end":{"line":25,"column":7}}},"4":{"name":"(anonymous_11)","decl":{"start":{"line":17,"column":26},"end":{"line":17,"column":29}},"loc":{"start":{"line":17,"column":32},"end":{"line":17,"column":53}}},"5":{"name":"(anonymous_12)","decl":{"start":{"line":147,"column":11},"end":{"line":147,"column":18}},"loc":{"start":{"line":147,"column":60},"end":{"line":158,"column":null}}},"6":{"name":"(anonymous_13)","decl":{"start":{"line":147,"column":60},"end":{"line":147,"column":null}},"loc":{"start":{"line":147,"column":60},"end":{"line":158,"column":3}}},"7":{"name":"(anonymous_14)","decl":{"start":{"line":160,"column":9},"end":{"line":160,"column":16}},"loc":{"start":{"line":160,"column":61},"end":{"line":171,"column":null}}},"8":{"name":"(anonymous_15)","decl":{"start":{"line":160,"column":61},"end":{"line":160,"column":null}},"loc":{"start":{"line":160,"column":61},"end":{"line":171,"column":3}}}},"branchMap":{"0":{"loc":{"start":{"line":10,"column":14},"end":{"line":10,"column":34}},"type":"binary-expr","locations":[{"start":{"line":10,"column":14},"end":{"line":10,"column":28}},{"start":{"line":10,"column":32},"end":{"line":10,"column":34}}]},"1":{"loc":{"start":{"line":11,"column":15},"end":{"line":11,"column":41}},"type":"binary-expr","locations":[{"start":{"line":11,"column":15},"end":{"line":11,"column":33}},{"start":{"line":11,"column":37},"end":{"line":11,"column":41}}]},"2":{"loc":{"start":{"line":14,"column":21},"end":{"line":14,"column":50}},"type":"cond-expr","locations":[{"start":{"line":14,"column":42},"end":{"line":14,"column":45}},{"start":{"line":14,"column":42},"end":{"line":14,"column":50}}]},"3":{"loc":{"start":{"line":14,"column":21},"end":{"line":14,"column":45}},"type":"binary-expr","locations":[{"start":{"line":14,"column":21},"end":{"line":14,"column":45}},{"start":{"line":14,"column":42},"end":{"line":14,"column":45}}]},"4":{"loc":{"start":{"line":15,"column":8},"end":{"line":20,"column":9}},"type":"if","locations":[{"start":{"line":15,"column":8},"end":{"line":20,"column":9}}]},"5":{"loc":{"start":{"line":154,"column":4},"end":{"line":156,"column":5}},"type":"if","locations":[{"start":{"line":154,"column":4},"end":{"line":156,"column":5}}]},"6":{"loc":{"start":{"line":167,"column":4},"end":{"line":169,"column":5}},"type":"if","locations":[{"start":{"line":167,"column":4},"end":{"line":169,"column":5}}]}},"s":{"0":1,"1":0,"2":0,"3":0,"4":0,"5":0,"6":0,"7":0,"8":0,"9":1,"10":1,"11":1,"12":1,"13":0,"14":0,"15":0,"16":0,"17":0,"18":0,"19":0,"20":0,"21":0,"22":0,"23":0,"24":0,"25":0,"26":0,"27":0,"28":0,"29":0,"30":0},"f":{"0":0,"1":0,"2":0,"3":0,"4":0,"5":0,"6":0,"7":0,"8":0},"b":{"0":[0,0],"1":[0,0],"2":[0,0],"3":[0,0],"4":[0],"5":[0],"6":[0]}}
,"/Users/kaitakumi/Documents/bono-training/src/components/layout/Sidebar/icon-utils.ts": {"path":"/Users/kaitakumi/Documents/bono-training/src/components/layout/Sidebar/icon-utils.ts","statementMap":{"0":{"start":{"line":11,"column":13},"end":{"line":11,"column":28}}},"fnMap":{},"branchMap":{},"s":{"0":0},"f":{},"b":{}}
,"/Users/kaitakumi/Documents/bono-training/src/components/layout/Sidebar/icons.tsx": {"path":"/Users/kaitakumi/Documents/bono-training/src/components/layout/Sidebar/icons.tsx","statementMap":{"0":{"start":{"line":10,"column":0},"end":{"line":10,"column":null}},"1":{"start":{"line":24,"column":13},"end":{"line":42,"column":11}}},"fnMap":{},"branchMap":{},"s":{"0":0,"1":0},"f":{},"b":{}}
,"/Users/kaitakumi/Documents/bono-training/src/components/ui/aspect-ratio.tsx": {"path":"/Users/kaitakumi/Documents/bono-training/src/components/ui/aspect-ratio.tsx","statementMap":{"0":{"start":{"line":1,"column":0},"end":{"line":1,"column":68}},"1":{"start":{"line":3,"column":20},"end":{"line":3,"column":45}},"2":{"start":{"line":5,"column":9},"end":{"line":5,"column":20}}},"fnMap":{},"branchMap":{},"s":{"0":0,"1":0,"2":0},"f":{},"b":{}}
,"/Users/kaitakumi/Documents/bono-training/src/components/ui/collapsible.tsx": {"path":"/Users/kaitakumi/Documents/bono-training/src/components/ui/collapsible.tsx","statementMap":{"0":{"start":{"line":1,"column":0},"end":{"line":1,"column":67}},"1":{"start":{"line":3,"column":20},"end":{"line":3,"column":45}},"2":{"start":{"line":9,"column":9},"end":{"line":9,"column":20}},"3":{"start":{"line":5,"column":27},"end":{"line":5,"column":66}},"4":{"start":{"line":9,"column":22},"end":{"line":9,"column":40}},"5":{"start":{"line":7,"column":27},"end":{"line":7,"column":66}},"6":{"start":{"line":9,"column":42},"end":{"line":9,"column":60}}},"fnMap":{},"branchMap":{},"s":{"0":0,"1":0,"2":0,"3":0,"4":0,"5":0,"6":0},"f":{},"b":{}}
,"/Users/kaitakumi/Documents/bono-training/src/components/ui/use-toast.ts": {"path":"/Users/kaitakumi/Documents/bono-training/src/components/ui/use-toast.ts","statementMap":{"0":{"start":{"line":1,"column":0},"end":{"line":1,"column":9}},"1":{"start":{"line":3,"column":9},"end":{"line":1,"column":19}},"2":{"start":{"line":3,"column":19},"end":{"line":1,"column":52}}},"fnMap":{"0":{"name":"(anonymous_0)","decl":{"start":{"line":3,"column":9},"end":{"line":3,"column":17}},"loc":{"start":{"line":3,"column":9},"end":{"line":1,"column":19}}},"1":{"name":"(anonymous_1)","decl":{"start":{"line":3,"column":19},"end":{"line":3,"column":24}},"loc":{"start":{"line":3,"column":19},"end":{"line":1,"column":52}}}},"branchMap":{},"s":{"0":0,"1":0,"2":0},"f":{"0":0,"1":0},"b":{}}
,"/Users/kaitakumi/Documents/bono-training/src/data/mockContent.ts": {"path":"/Users/kaitakumi/Documents/bono-training/src/data/mockContent.ts","statementMap":{"0":{"start":{"line":4,"column":13},"end":{"line":54,"column":2}},"1":{"start":{"line":59,"column":30},"end":{"line":83,"column":1}},"2":{"start":{"line":64,"column":2},"end":{"line":82,"column":5}},"3":{"start":{"line":65,"column":4},"end":{"line":67,"column":5}},"4":{"start":{"line":66,"column":6},"end":{"line":66,"column":19}},"5":{"start":{"line":69,"column":4},"end":{"line":71,"column":5}},"6":{"start":{"line":70,"column":6},"end":{"line":70,"column":19}},"7":{"start":{"line":73,"column":4},"end":{"line":79,"column":5}},"8":{"start":{"line":74,"column":20},"end":{"line":74,"column":52}},"9":{"start":{"line":75,"column":6},"end":{"line":78,"column":8}},"10":{"start":{"line":81,"column":4},"end":{"line":81,"column":16}},"11":{"start":{"line":59,"column":13},"end":{"line":59,"column":30}},"12":{"start":{"line":88,"column":30},"end":{"line":90,"column":1}},"13":{"start":{"line":89,"column":2},"end":{"line":89,"column":58}},"14":{"start":{"line":89,"column":39},"end":{"line":89,"column":56}},"15":{"start":{"line":88,"column":13},"end":{"line":88,"column":30}}},"fnMap":{"0":{"name":"(anonymous_0)","decl":{"start":{"line":59,"column":30},"end":{"line":59,"column":31}},"loc":{"start":{"line":63,"column":20},"end":{"line":83,"column":1}}},"1":{"name":"(anonymous_1)","decl":{"start":{"line":64,"column":30},"end":{"line":64,"column":37}},"loc":{"start":{"line":64,"column":40},"end":{"line":82,"column":3}}},"2":{"name":"(anonymous_2)","decl":{"start":{"line":88,"column":30},"end":{"line":88,"column":31}},"loc":{"start":{"line":88,"column":70},"end":{"line":90,"column":1}}},"3":{"name":"(anonymous_3)","decl":{"start":{"line":89,"column":28},"end":{"line":89,"column":35}},"loc":{"start":{"line":89,"column":39},"end":{"line":89,"column":56}}}},"branchMap":{"0":{"loc":{"start":{"line":65,"column":4},"end":{"line":67,"column":5}},"type":"if","locations":[{"start":{"line":65,"column":4},"end":{"line":67,"column":5}}]},"1":{"loc":{"start":{"line":65,"column":8},"end":{"line":65,"column":91}},"type":"binary-expr","locations":[{"start":{"line":65,"column":8},"end":{"line":65,"column":23}},{"start":{"line":65,"column":27},"end":{"line":65,"column":91}}]},"2":{"loc":{"start":{"line":69,"column":4},"end":{"line":71,"column":5}},"type":"if","locations":[{"start":{"line":69,"column":4},"end":{"line":71,"column":5}}]},"3":{"loc":{"start":{"line":69,"column":8},"end":{"line":69,"column":51}},"type":"binary-expr","locations":[{"start":{"line":69,"column":8},"end":{"line":69,"column":19}},{"start":{"line":69,"column":23},"end":{"line":69,"column":51}}]},"4":{"loc":{"start":{"line":73,"column":4},"end":{"line":79,"column":5}},"type":"if","locations":[{"start":{"line":73,"column":4},"end":{"line":79,"column":5}}]},"5":{"loc":{"start":{"line":76,"column":8},"end":{"line":77,"column":57}},"type":"binary-expr","locations":[{"start":{"line":76,"column":8},"end":{"line":76,"column":51}},{"start":{"line":77,"column":8},"end":{"line":77,"column":57}}]}},"s":{"0":0,"1":0,"2":0,"3":0,"4":0,"5":0,"6":0,"7":0,"8":0,"9":0,"10":0,"11":0,"12":0,"13":0,"14":0,"15":0},"f":{"0":0,"1":0,"2":0,"3":0},"b":{"0":[0],"1":[0,0],"2":[0],"3":[0,0],"4":[0],"5":[0,0]}}
,"/Users/kaitakumi/Documents/bono-training/src/hooks/use-mobile.tsx": {"path":"/Users/kaitakumi/Documents/bono-training/src/hooks/use-mobile.tsx","statementMap":{"0":{"start":{"line":8,"column":0},"end":{"line":8,"column":16}},"1":{"start":{"line":25,"column":0},"end":{"line":25,"column":16}},"2":{"start":{"line":42,"column":0},"end":{"line":42,"column":16}},"3":{"start":{"line":2,"column":0},"end":{"line":2,"column":30}},"4":{"start":{"line":4,"column":26},"end":{"line":4,"column":29}},"5":{"start":{"line":5,"column":26},"end":{"line":5,"column":30}},"6":{"start":{"line":9,"column":34},"end":{"line":9,"column":80}},"7":{"start":{"line":11,"column":2},"end":{"line":19,"column":null}},"8":{"start":{"line":12,"column":16},"end":{"line":12,"column":76}},"9":{"start":{"line":13,"column":21},"end":{"line":15,"column":5}},"10":{"start":{"line":14,"column":6},"end":{"line":14,"column":null}},"11":{"start":{"line":16,"column":4},"end":{"line":16,"column":null}},"12":{"start":{"line":17,"column":4},"end":{"line":17,"column":null}},"13":{"start":{"line":18,"column":4},"end":{"line":18,"column":null}},"14":{"start":{"line":18,"column":17},"end":{"line":18,"column":60}},"15":{"start":{"line":21,"column":2},"end":{"line":21,"column":null}},"16":{"start":{"line":26,"column":34},"end":{"line":26,"column":80}},"17":{"start":{"line":28,"column":2},"end":{"line":36,"column":null}},"18":{"start":{"line":29,"column":16},"end":{"line":29,"column":116}},"19":{"start":{"line":30,"column":21},"end":{"line":32,"column":5}},"20":{"start":{"line":31,"column":6},"end":{"line":31,"column":null}},"21":{"start":{"line":33,"column":4},"end":{"line":33,"column":null}},"22":{"start":{"line":34,"column":4},"end":{"line":34,"column":null}},"23":{"start":{"line":35,"column":4},"end":{"line":35,"column":null}},"24":{"start":{"line":35,"column":17},"end":{"line":35,"column":60}},"25":{"start":{"line":38,"column":2},"end":{"line":38,"column":null}},"26":{"start":{"line":43,"column":36},"end":{"line":43,"column":82}},"27":{"start":{"line":45,"column":2},"end":{"line":53,"column":null}},"28":{"start":{"line":46,"column":16},"end":{"line":46,"column":72}},"29":{"start":{"line":47,"column":21},"end":{"line":49,"column":5}},"30":{"start":{"line":48,"column":6},"end":{"line":48,"column":null}},"31":{"start":{"line":50,"column":4},"end":{"line":50,"column":null}},"32":{"start":{"line":51,"column":4},"end":{"line":51,"column":null}},"33":{"start":{"line":52,"column":4},"end":{"line":52,"column":null}},"34":{"start":{"line":52,"column":17},"end":{"line":52,"column":60}},"35":{"start":{"line":55,"column":2},"end":{"line":55,"column":null}},"36":{"start":{"line":59,"column":13},"end":{"line":59,"column":null}}},"fnMap":{"0":{"name":"useMobile","decl":{"start":{"line":8,"column":16},"end":{"line":8,"column":25}},"loc":{"start":{"line":8,"column":25},"end":{"line":22,"column":1}}},"1":{"name":"(anonymous_7)","decl":{"start":{"line":11,"column":18},"end":{"line":11,"column":21}},"loc":{"start":{"line":11,"column":23},"end":{"line":19,"column":3}}},"2":{"name":"(anonymous_8)","decl":{"start":{"line":13,"column":21},"end":{"line":13,"column":24}},"loc":{"start":{"line":13,"column":26},"end":{"line":15,"column":5}}},"3":{"name":"(anonymous_9)","decl":{"start":{"line":18,"column":11},"end":{"line":18,"column":14}},"loc":{"start":{"line":18,"column":17},"end":{"line":18,"column":60}}},"4":{"name":"useTablet","decl":{"start":{"line":25,"column":16},"end":{"line":25,"column":25}},"loc":{"start":{"line":25,"column":25},"end":{"line":39,"column":1}}},"5":{"name":"(anonymous_11)","decl":{"start":{"line":28,"column":18},"end":{"line":28,"column":21}},"loc":{"start":{"line":28,"column":23},"end":{"line":36,"column":3}}},"6":{"name":"(anonymous_12)","decl":{"start":{"line":30,"column":21},"end":{"line":30,"column":24}},"loc":{"start":{"line":30,"column":26},"end":{"line":32,"column":5}}},"7":{"name":"(anonymous_13)","decl":{"start":{"line":35,"column":11},"end":{"line":35,"column":14}},"loc":{"start":{"line":35,"column":17},"end":{"line":35,"column":60}}},"8":{"name":"useDesktop","decl":{"start":{"line":42,"column":16},"end":{"line":42,"column":26}},"loc":{"start":{"line":42,"column":26},"end":{"line":56,"column":1}}},"9":{"name":"(anonymous_15)","decl":{"start":{"line":45,"column":18},"end":{"line":45,"column":21}},"loc":{"start":{"line":45,"column":23},"end":{"line":53,"column":3}}},"10":{"name":"(anonymous_16)","decl":{"start":{"line":47,"column":21},"end":{"line":47,"column":24}},"loc":{"start":{"line":47,"column":26},"end":{"line":49,"column":5}}},"11":{"name":"(anonymous_17)","decl":{"start":{"line":52,"column":11},"end":{"line":52,"column":14}},"loc":{"start":{"line":52,"column":17},"end":{"line":52,"column":60}}}},"branchMap":{"0":{"loc":{"start":{"line":31,"column":18},"end":{"line":31,"column":97}},"type":"binary-expr","locations":[{"start":{"line":31,"column":18},"end":{"line":31,"column":56}},{"start":{"line":31,"column":60},"end":{"line":31,"column":97}}]},"1":{"loc":{"start":{"line":34,"column":16},"end":{"line":34,"column":95}},"type":"binary-expr","locations":[{"start":{"line":34,"column":16},"end":{"line":34,"column":54}},{"start":{"line":34,"column":58},"end":{"line":34,"column":95}}]}},"s":{"0":0,"1":0,"2":0,"3":0,"4":0,"5":0,"6":0,"7":0,"8":0,"9":0,"10":0,"11":0,"12":0,"13":0,"14":0,"15":0,"16":0,"17":0,"18":0,"19":0,"20":0,"21":0,"22":0,"23":0,"24":0,"25":0,"26":0,"27":0,"28":0,"29":0,"30":0,"31":0,"32":0,"33":0,"34":0,"35":0,"36":0},"f":{"0":0,"1":0,"2":0,"3":0,"4":0,"5":0,"6":0,"7":0,"8":0,"9":0,"10":0,"11":0},"b":{"0":[0,0],"1":[0,0]}}
,"/Users/kaitakumi/Documents/bono-training/src/hooks/useTrainingCache.ts": {"path":"/Users/kaitakumi/Documents/bono-training/src/hooks/useTrainingCache.ts","statementMap":{"0":{"start":{"line":2,"column":0},"end":{"line":2,"column":65}},"1":{"start":{"line":3,"column":0},"end":{"line":3,"column":93}},"2":{"start":{"line":9,"column":28},"end":{"line":18,"column":1}},"3":{"start":{"line":10,"column":2},"end":{"line":17,"column":5}},"4":{"start":{"line":9,"column":13},"end":{"line":9,"column":28}},"5":{"start":{"line":23,"column":33},"end":{"line":33,"column":1}},"6":{"start":{"line":24,"column":2},"end":{"line":32,"column":5}},"7":{"start":{"line":26,"column":19},"end":{"line":26,"column":42}},"8":{"start":{"line":23,"column":13},"end":{"line":23,"column":33}},"9":{"start":{"line":38,"column":29},"end":{"line":48,"column":1}},"10":{"start":{"line":39,"column":2},"end":{"line":47,"column":5}},"11":{"start":{"line":41,"column":19},"end":{"line":41,"column":64}},"12":{"start":{"line":38,"column":13},"end":{"line":38,"column":29}},"13":{"start":{"line":53,"column":37},"end":{"line":82,"column":1}},"14":{"start":{"line":54,"column":22},"end":{"line":54,"column":38}},"15":{"start":{"line":56,"column":30},"end":{"line":58,"column":3}},"16":{"start":{"line":57,"column":4},"end":{"line":57,"column":63}},"17":{"start":{"line":60,"column":35},"end":{"line":62,"column":3}},"18":{"start":{"line":61,"column":4},"end":{"line":61,"column":75}},"19":{"start":{"line":64,"column":31},"end":{"line":66,"column":3}},"20":{"start":{"line":65,"column":4},"end":{"line":65,"column":89}},"21":{"start":{"line":68,"column":33},"end":{"line":74,"column":3}},"22":{"start":{"line":69,"column":4},"end":{"line":73,"column":7}},"23":{"start":{"line":71,"column":21},"end":{"line":71,"column":44}},"24":{"start":{"line":76,"column":2},"end":{"line":81,"column":4}},"25":{"start":{"line":53,"column":13},"end":{"line":53,"column":37}}},"fnMap":{"0":{"name":"(anonymous_0)","decl":{"start":{"line":9,"column":28},"end":{"line":9,"column":31}},"loc":{"start":{"line":9,"column":33},"end":{"line":18,"column":1}}},"1":{"name":"(anonymous_1)","decl":{"start":{"line":23,"column":33},"end":{"line":23,"column":34}},"loc":{"start":{"line":23,"column":50},"end":{"line":33,"column":1}}},"2":{"name":"(anonymous_2)","decl":{"start":{"line":26,"column":13},"end":{"line":26,"column":16}},"loc":{"start":{"line":26,"column":19},"end":{"line":26,"column":42}}},"3":{"name":"(anonymous_3)","decl":{"start":{"line":38,"column":29},"end":{"line":38,"column":30}},"loc":{"start":{"line":38,"column":72},"end":{"line":48,"column":1}}},"4":{"name":"(anonymous_4)","decl":{"start":{"line":41,"column":13},"end":{"line":41,"column":16}},"loc":{"start":{"line":41,"column":19},"end":{"line":41,"column":64}}},"5":{"name":"(anonymous_5)","decl":{"start":{"line":53,"column":37},"end":{"line":53,"column":40}},"loc":{"start":{"line":53,"column":42},"end":{"line":82,"column":1}}},"6":{"name":"(anonymous_6)","decl":{"start":{"line":56,"column":30},"end":{"line":56,"column":33}},"loc":{"start":{"line":56,"column":35},"end":{"line":58,"column":3}}},"7":{"name":"(anonymous_7)","decl":{"start":{"line":60,"column":35},"end":{"line":60,"column":36}},"loc":{"start":{"line":60,"column":52},"end":{"line":62,"column":3}}},"8":{"name":"(anonymous_8)","decl":{"start":{"line":64,"column":31},"end":{"line":64,"column":32}},"loc":{"start":{"line":64,"column":74},"end":{"line":66,"column":3}}},"9":{"name":"(anonymous_9)","decl":{"start":{"line":68,"column":33},"end":{"line":68,"column":34}},"loc":{"start":{"line":68,"column":50},"end":{"line":74,"column":3}}},"10":{"name":"(anonymous_10)","decl":{"start":{"line":71,"column":15},"end":{"line":71,"column":18}},"loc":{"start":{"line":71,"column":21},"end":{"line":71,"column":44}}}},"branchMap":{"0":{"loc":{"start":{"line":45,"column":16},"end":{"line":45,"column":40}},"type":"binary-expr","locations":[{"start":{"line":45,"column":16},"end":{"line":45,"column":28}},{"start":{"line":45,"column":32},"end":{"line":45,"column":40}}]}},"s":{"0":0,"1":0,"2":0,"3":0,"4":0,"5":0,"6":0,"7":0,"8":0,"9":0,"10":0,"11":0,"12":0,"13":0,"14":0,"15":0,"16":0,"17":0,"18":0,"19":0,"20":0,"21":0,"22":0,"23":0,"24":0,"25":0},"f":{"0":0,"1":0,"2":0,"3":0,"4":0,"5":0,"6":0,"7":0,"8":0,"9":0,"10":0},"b":{"0":[0,0]}}
,"/Users/kaitakumi/Documents/bono-training/src/integrations/supabase/client.ts": {"path":"/Users/kaitakumi/Documents/bono-training/src/integrations/supabase/client.ts","statementMap":{"0":{"start":{"line":2,"column":0},"end":{"line":2,"column":53}},"1":{"start":{"line":5,"column":21},"end":{"line":5,"column":63}},"2":{"start":{"line":6,"column":33},"end":{"line":6,"column":243}},"3":{"start":{"line":11,"column":13},"end":{"line":11,"column":87}}},"fnMap":{},"branchMap":{},"s":{"0":0,"1":0,"2":0,"3":0},"f":{},"b":{}}
,"/Users/kaitakumi/Documents/bono-training/src/integrations/supabase/types.ts": {"path":"/Users/kaitakumi/Documents/bono-training/src/integrations/supabase/types.ts","statementMap":{"0":{"start":{"line":326,"column":13},"end":{"line":330,"column":null}}},"fnMap":{},"branchMap":{},"s":{"0":0},"f":{},"b":{}}
,"/Users/kaitakumi/Documents/bono-training/src/lib/content-splitter.ts": {"path":"/Users/kaitakumi/Documents/bono-training/src/lib/content-splitter.ts","statementMap":{"0":{"start":{"line":15,"column":0},"end":{"line":15,"column":16}},"1":{"start":{"line":66,"column":0},"end":{"line":66,"column":16}},"2":{"start":{"line":20,"column":2},"end":{"line":27,"column":3}},"3":{"start":{"line":21,"column":4},"end":{"line":21,"column":57}},"4":{"start":{"line":22,"column":4},"end":{"line":26,"column":6}},"5":{"start":{"line":29,"column":2},"end":{"line":36,"column":3}},"6":{"start":{"line":30,"column":4},"end":{"line":30,"column":56}},"7":{"start":{"line":31,"column":4},"end":{"line":35,"column":6}},"8":{"start":{"line":38,"column":2},"end":{"line":44,"column":3}},"9":{"start":{"line":39,"column":4},"end":{"line":43,"column":6}},"10":{"start":{"line":46,"column":2},"end":{"line":60,"column":3}},"11":{"start":{"line":47,"column":18},"end":{"line":47,"column":39}},"12":{"start":{"line":48,"column":4},"end":{"line":52,"column":6}},"13":{"start":{"line":54,"column":4},"end":{"line":54,"column":66}},"14":{"start":{"line":55,"column":4},"end":{"line":59,"column":6}},"15":{"start":{"line":73,"column":2},"end":{"line":76,"column":3}},"16":{"start":{"line":74,"column":4},"end":{"line":74,"column":55}},"17":{"start":{"line":75,"column":4},"end":{"line":75,"column":46}},"18":{"start":{"line":78,"column":2},"end":{"line":81,"column":3}},"19":{"start":{"line":79,"column":4},"end":{"line":79,"column":73}},"20":{"start":{"line":80,"column":4},"end":{"line":80,"column":22}},"21":{"start":{"line":83,"column":2},"end":{"line":86,"column":3}},"22":{"start":{"line":84,"column":4},"end":{"line":84,"column":80}},"23":{"start":{"line":85,"column":4},"end":{"line":85,"column":29}},"24":{"start":{"line":89,"column":2},"end":{"line":91,"column":3}},"25":{"start":{"line":90,"column":4},"end":{"line":90,"column":42}},"26":{"start":{"line":94,"column":2},"end":{"line":96,"column":3}},"27":{"start":{"line":95,"column":4},"end":{"line":95,"column":42}},"28":{"start":{"line":99,"column":2},"end":{"line":113,"column":3}},"29":{"start":{"line":100,"column":18},"end":{"line":100,"column":54}},"30":{"start":{"line":102,"column":4},"end":{"line":108,"column":5}},"31":{"start":{"line":104,"column":6},"end":{"line":104,"column":62}},"32":{"start":{"line":107,"column":6},"end":{"line":107,"column":43}},"33":{"start":{"line":110,"column":4},"end":{"line":110,"column":64}},"34":{"start":{"line":112,"column":4},"end":{"line":112,"column":41}}},"fnMap":{"0":{"name":"splitPremiumContent","decl":{"start":{"line":15,"column":16},"end":{"line":15,"column":35}},"loc":{"start":{"line":17,"column":42},"end":{"line":61,"column":1}}},"1":{"name":"getDisplayContent","decl":{"start":{"line":66,"column":16},"end":{"line":66,"column":33}},"loc":{"start":{"line":70,"column":42},"end":{"line":114,"column":1}}}},"branchMap":{"0":{"loc":{"start":{"line":17,"column":2},"end":{"line":17,"column":42}},"type":"default-arg","locations":[{"start":{"line":17,"column":19},"end":{"line":17,"column":42}}]},"1":{"loc":{"start":{"line":20,"column":2},"end":{"line":27,"column":3}},"type":"if","locations":[{"start":{"line":20,"column":2},"end":{"line":27,"column":3}}]},"2":{"loc":{"start":{"line":20,"column":6},"end":{"line":20,"column":45}},"type":"binary-expr","locations":[{"start":{"line":20,"column":6},"end":{"line":20,"column":14}},{"start":{"line":20,"column":18},"end":{"line":20,"column":45}}]},"3":{"loc":{"start":{"line":29,"column":2},"end":{"line":36,"column":3}},"type":"if","locations":[{"start":{"line":29,"column":2},"end":{"line":36,"column":3}}]},"4":{"loc":{"start":{"line":29,"column":6},"end":{"line":29,"column":43}},"type":"binary-expr","locations":[{"start":{"line":29,"column":6},"end":{"line":29,"column":13}},{"start":{"line":29,"column":17},"end":{"line":29,"column":43}}]},"5":{"loc":{"start":{"line":38,"column":2},"end":{"line":44,"column":3}},"type":"if","locations":[{"start":{"line":38,"column":2},"end":{"line":44,"column":3}}]},"6":{"loc":{"start":{"line":49,"column":19},"end":{"line":49,"column":41}},"type":"binary-expr","locations":[{"start":{"line":49,"column":19},"end":{"line":49,"column":35}},{"start":{"line":49,"column":39},"end":{"line":49,"column":41}}]},"7":{"loc":{"start":{"line":49,"column":19},"end":{"line":49,"column":35}},"type":"cond-expr","locations":[{"start":{"line":49,"column":27},"end":{"line":49,"column":29}},{"start":{"line":49,"column":27},"end":{"line":49,"column":35}}]},"8":{"loc":{"start":{"line":49,"column":19},"end":{"line":49,"column":29}},"type":"binary-expr","locations":[{"start":{"line":49,"column":19},"end":{"line":49,"column":29}},{"start":{"line":49,"column":27},"end":{"line":49,"column":29}}]},"9":{"loc":{"start":{"line":50,"column":22},"end":{"line":50,"column":44}},"type":"binary-expr","locations":[{"start":{"line":50,"column":22},"end":{"line":50,"column":38}},{"start":{"line":50,"column":42},"end":{"line":50,"column":44}}]},"10":{"loc":{"start":{"line":50,"column":22},"end":{"line":50,"column":38}},"type":"cond-expr","locations":[{"start":{"line":50,"column":30},"end":{"line":50,"column":32}},{"start":{"line":50,"column":30},"end":{"line":50,"column":38}}]},"11":{"loc":{"start":{"line":50,"column":22},"end":{"line":50,"column":32}},"type":"binary-expr","locations":[{"start":{"line":50,"column":22},"end":{"line":50,"column":32}},{"start":{"line":50,"column":30},"end":{"line":50,"column":32}}]},"12":{"loc":{"start":{"line":70,"column":2},"end":{"line":70,"column":42}},"type":"default-arg","locations":[{"start":{"line":70,"column":19},"end":{"line":70,"column":42}}]},"13":{"loc":{"start":{"line":73,"column":2},"end":{"line":76,"column":3}},"type":"if","locations":[{"start":{"line":73,"column":2},"end":{"line":76,"column":3}}]},"14":{"loc":{"start":{"line":73,"column":6},"end":{"line":73,"column":45}},"type":"binary-expr","locations":[{"start":{"line":73,"column":6},"end":{"line":73,"column":14}},{"start":{"line":73,"column":18},"end":{"line":73,"column":45}}]},"15":{"loc":{"start":{"line":78,"column":2},"end":{"line":81,"column":3}},"type":"if","locations":[{"start":{"line":78,"column":2},"end":{"line":81,"column":3}}]},"16":{"loc":{"start":{"line":83,"column":2},"end":{"line":86,"column":3}},"type":"if","locations":[{"start":{"line":83,"column":2},"end":{"line":86,"column":3}}]},"17":{"loc":{"start":{"line":89,"column":2},"end":{"line":91,"column":3}},"type":"if","locations":[{"start":{"line":89,"column":2},"end":{"line":91,"column":3}}]},"18":{"loc":{"start":{"line":94,"column":2},"end":{"line":96,"column":3}},"type":"if","locations":[{"start":{"line":94,"column":2},"end":{"line":96,"column":3}}]},"19":{"loc":{"start":{"line":102,"column":4},"end":{"line":108,"column":5}},"type":"if","locations":[{"start":{"line":102,"column":4},"end":{"line":108,"column":5}},{"start":{"line":105,"column":11},"end":{"line":108,"column":5}}]}},"s":{"0":0,"1":0,"2":0,"3":0,"4":0,"5":0,"6":0,"7":0,"8":0,"9":0,"10":0,"11":0,"12":0,"13":0,"14":0,"15":0,"16":0,"17":0,"18":0,"19":0,"20":0,"21":0,"22":0,"23":0,"24":0,"25":0,"26":0,"27":0,"28":0,"29":0,"30":0,"31":0,"32":0,"33":0,"34":0},"f":{"0":0,"1":0},"b":{"0":[0],"1":[0],"2":[0,0],"3":[0],"4":[0,0],"5":[0],"6":[0,0],"7":[0,0],"8":[0,0],"9":[0,0],"10":[0,0],"11":[0,0],"12":[0],"13":[0],"14":[0,0],"15":[0],"16":[0],"17":[0],"18":[0],"19":[0,0]}}
,"/Users/kaitakumi/Documents/bono-training/src/lib/simple-frontmatter.ts": {"path":"/Users/kaitakumi/Documents/bono-training/src/lib/simple-frontmatter.ts","statementMap":{"0":{"start":{"line":11,"column":0},"end":{"line":11,"column":16}},"1":{"start":{"line":15,"column":18},"end":{"line":15,"column":70}},"2":{"start":{"line":16,"column":2},"end":{"line":16,"column":50}},"3":{"start":{"line":16,"column":16},"end":{"line":16,"column":50}},"4":{"start":{"line":18,"column":28},"end":{"line":18,"column":35}},"5":{"start":{"line":19,"column":36},"end":{"line":19,"column":38}},"6":{"start":{"line":21,"column":2},"end":{"line":50,"column":3}},"7":{"start":{"line":22,"column":14},"end":{"line":22,"column":45}},"8":{"start":{"line":23,"column":4},"end":{"line":23,"column":21}},"9":{"start":{"line":23,"column":12},"end":{"line":23,"column":21}},"10":{"start":{"line":25,"column":16},"end":{"line":25,"column":27}},"11":{"start":{"line":26,"column":19},"end":{"line":26,"column":30}},"12":{"start":{"line":29,"column":4},"end":{"line":34,"column":5}},"13":{"start":{"line":33,"column":6},"end":{"line":33,"column":29}},"14":{"start":{"line":37,"column":4},"end":{"line":42,"column":5}},"15":{"start":{"line":38,"column":6},"end":{"line":41,"column":58}},"16":{"start":{"line":41,"column":20},"end":{"line":41,"column":56}},"17":{"start":{"line":45,"column":4},"end":{"line":47,"column":52}},"18":{"start":{"line":45,"column":24},"end":{"line":45,"column":35}},"19":{"start":{"line":46,"column":9},"end":{"line":47,"column":52}},"20":{"start":{"line":46,"column":30},"end":{"line":46,"column":42}},"21":{"start":{"line":47,"column":9},"end":{"line":47,"column":52}},"22":{"start":{"line":47,"column":34},"end":{"line":47,"column":52}},"23":{"start":{"line":49,"column":4},"end":{"line":49,"column":20}},"24":{"start":{"line":52,"column":2},"end":{"line":52,"column":33}}},"fnMap":{"0":{"name":"parseFrontmatter","decl":{"start":{"line":11,"column":16},"end":{"line":11,"column":32}},"loc":{"start":{"line":11,"column":44},"end":{"line":53,"column":1}}},"1":{"name":"(anonymous_1)","decl":{"start":{"line":41,"column":13},"end":{"line":41,"column":14}},"loc":{"start":{"line":41,"column":20},"end":{"line":41,"column":56}}}},"branchMap":{"0":{"loc":{"start":{"line":16,"column":2},"end":{"line":16,"column":50}},"type":"if","locations":[{"start":{"line":16,"column":2},"end":{"line":16,"column":50}}]},"1":{"loc":{"start":{"line":23,"column":4},"end":{"line":23,"column":21}},"type":"if","locations":[{"start":{"line":23,"column":4},"end":{"line":23,"column":21}}]},"2":{"loc":{"start":{"line":29,"column":4},"end":{"line":34,"column":5}},"type":"if","locations":[{"start":{"line":29,"column":4},"end":{"line":34,"column":5}}]},"3":{"loc":{"start":{"line":30,"column":6},"end":{"line":31,"column":48}},"type":"binary-expr","locations":[{"start":{"line":30,"column":7},"end":{"line":30,"column":26}},{"start":{"line":30,"column":30},"end":{"line":30,"column":47}},{"start":{"line":31,"column":7},"end":{"line":31,"column":26}},{"start":{"line":31,"column":30},"end":{"line":31,"column":47}}]},"4":{"loc":{"start":{"line":37,"column":4},"end":{"line":42,"column":5}},"type":"if","locations":[{"start":{"line":37,"column":4},"end":{"line":42,"column":5}}]},"5":{"loc":{"start":{"line":37,"column":8},"end":{"line":37,"column":48}},"type":"binary-expr","locations":[{"start":{"line":37,"column":8},"end":{"line":37,"column":27}},{"start":{"line":37,"column":31},"end":{"line":37,"column":48}}]},"6":{"loc":{"start":{"line":45,"column":4},"end":{"line":47,"column":52}},"type":"if","locations":[{"start":{"line":45,"column":4},"end":{"line":47,"column":52}},{"start":{"line":46,"column":9},"end":{"line":47,"column":52}}]},"7":{"loc":{"start":{"line":46,"column":9},"end":{"line":47,"column":52}},"type":"if","locations":[{"start":{"line":46,"column":9},"end":{"line":47,"column":52}},{"start":{"line":47,"column":9},"end":{"line":47,"column":52}}]},"8":{"loc":{"start":{"line":47,"column":9},"end":{"line":47,"column":52}},"type":"if","locations":[{"start":{"line":47,"column":9},"end":{"line":47,"column":52}}]}},"s":{"0":0,"1":0,"2":0,"3":0,"4":0,"5":0,"6":0,"7":0,"8":0,"9":0,"10":0,"11":0,"12":0,"13":0,"14":0,"15":0,"16":0,"17":0,"18":0,"19":0,"20":0,"21":0,"22":0,"23":0,"24":0},"f":{"0":0,"1":0},"b":{"0":[0],"1":[0],"2":[0],"3":[0,0,0,0],"4":[0],"5":[0,0],"6":[0,0],"7":[0,0],"8":[0]}}
,"/Users/kaitakumi/Documents/bono-training/src/lib/utils.ts": {"path":"/Users/kaitakumi/Documents/bono-training/src/lib/utils.ts","statementMap":{"0":{"start":{"line":4,"column":0},"end":{"line":4,"column":16}},"1":{"start":{"line":1,"column":0},"end":{"line":1,"column":44}},"2":{"start":{"line":2,"column":0},"end":{"line":2,"column":40}},"3":{"start":{"line":5,"column":2},"end":{"line":5,"column":null}}},"fnMap":{"0":{"name":"cn","decl":{"start":{"line":4,"column":16},"end":{"line":4,"column":18}},"loc":{"start":{"line":4,"column":42},"end":{"line":6,"column":1}}}},"branchMap":{},"s":{"0":0,"1":0,"2":0,"3":0},"f":{"0":0},"b":{}}
,"/Users/kaitakumi/Documents/bono-training/src/services/auth.ts": {"path":"/Users/kaitakumi/Documents/bono-training/src/services/auth.ts","statementMap":{"0":{"start":{"line":1,"column":0},"end":{"line":1,"column":58}},"1":{"start":{"line":13,"column":29},"end":{"line":82,"column":2}},"2":{"start":{"line":17,"column":27},"end":{"line":82,"column":2}},"3":{"start":{"line":18,"column":2},"end":{"line":81,"column":3}},"4":{"start":{"line":20,"column":28},"end":{"line":23,"column":6}},"5":{"start":{"line":26,"column":4},"end":{"line":47,"column":5}},"6":{"start":{"line":27,"column":6},"end":{"line":27,"column":49}},"7":{"start":{"line":30,"column":6},"end":{"line":45,"column":7}},"8":{"start":{"line":34,"column":8},"end":{"line":38,"column":11}},"9":{"start":{"line":40,"column":8},"end":{"line":44,"column":11}},"10":{"start":{"line":46,"column":6},"end":{"line":46,"column":35}},"11":{"start":{"line":51,"column":4},"end":{"line":58,"column":5}},"12":{"start":{"line":52,"column":6},"end":{"line":56,"column":9}},"13":{"start":{"line":57,"column":6},"end":{"line":57,"column":73}},"14":{"start":{"line":61,"column":4},"end":{"line":71,"column":5}},"15":{"start":{"line":62,"column":6},"end":{"line":65,"column":9}},"16":{"start":{"line":67,"column":6},"end":{"line":70,"column":9}},"17":{"start":{"line":72,"column":4},"end":{"line":72,"column":33}},"18":{"start":{"line":74,"column":4},"end":{"line":74,"column":47}},"19":{"start":{"line":75,"column":4},"end":{"line":79,"column":7}},"20":{"start":{"line":80,"column":4},"end":{"line":80,"column":33}},"21":{"start":{"line":13,"column":13},"end":{"line":13,"column":29}},"22":{"start":{"line":85,"column":29},"end":{"line":139,"column":2}},"23":{"start":{"line":89,"column":27},"end":{"line":139,"column":2}},"24":{"start":{"line":90,"column":2},"end":{"line":138,"column":3}},"25":{"start":{"line":92,"column":4},"end":{"line":92,"column":36}},"26":{"start":{"line":94,"column":28},"end":{"line":97,"column":6}},"27":{"start":{"line":99,"column":4},"end":{"line":123,"column":5}},"28":{"start":{"line":100,"column":6},"end":{"line":100,"column":48}},"29":{"start":{"line":103,"column":6},"end":{"line":121,"column":7}},"30":{"start":{"line":104,"column":8},"end":{"line":108,"column":11}},"31":{"start":{"line":109,"column":13},"end":{"line":121,"column":7}},"32":{"start":{"line":110,"column":8},"end":{"line":114,"column":11}},"33":{"start":{"line":116,"column":8},"end":{"line":120,"column":11}},"34":{"start":{"line":122,"column":6},"end":{"line":122,"column":35}},"35":{"start":{"line":125,"column":4},"end":{"line":128,"column":7}},"36":{"start":{"line":129,"column":4},"end":{"line":129,"column":33}},"37":{"start":{"line":131,"column":4},"end":{"line":131,"column":46}},"38":{"start":{"line":132,"column":4},"end":{"line":136,"column":7}},"39":{"start":{"line":137,"column":4},"end":{"line":137,"column":33}},"40":{"start":{"line":85,"column":13},"end":{"line":85,"column":29}},"41":{"start":{"line":142,"column":30},"end":{"line":158,"column":2}},"42":{"start":{"line":144,"column":19},"end":{"line":158,"column":2}},"43":{"start":{"line":145,"column":2},"end":{"line":157,"column":3}},"44":{"start":{"line":146,"column":4},"end":{"line":146,"column":34}},"45":{"start":{"line":147,"column":4},"end":{"line":149,"column":7}},"46":{"start":{"line":151,"column":4},"end":{"line":151,"column":47}},"47":{"start":{"line":152,"column":4},"end":{"line":156,"column":7}},"48":{"start":{"line":142,"column":13},"end":{"line":142,"column":30}},"49":{"start":{"line":161,"column":36},"end":{"line":194,"column":2}},"50":{"start":{"line":164,"column":27},"end":{"line":194,"column":2}},"51":{"start":{"line":165,"column":2},"end":{"line":193,"column":3}},"52":{"start":{"line":166,"column":28},"end":{"line":168,"column":6}},"53":{"start":{"line":170,"column":4},"end":{"line":178,"column":5}},"54":{"start":{"line":171,"column":6},"end":{"line":171,"column":52}},"55":{"start":{"line":172,"column":6},"end":{"line":176,"column":9}},"56":{"start":{"line":177,"column":6},"end":{"line":177,"column":35}},"57":{"start":{"line":180,"column":4},"end":{"line":183,"column":7}},"58":{"start":{"line":184,"column":4},"end":{"line":184,"column":33}},"59":{"start":{"line":186,"column":4},"end":{"line":186,"column":50}},"60":{"start":{"line":187,"column":4},"end":{"line":191,"column":7}},"61":{"start":{"line":192,"column":4},"end":{"line":192,"column":33}},"62":{"start":{"line":161,"column":13},"end":{"line":161,"column":36}},"63":{"start":{"line":197,"column":37},"end":{"line":230,"column":2}},"64":{"start":{"line":200,"column":27},"end":{"line":230,"column":2}},"65":{"start":{"line":201,"column":2},"end":{"line":229,"column":3}},"66":{"start":{"line":202,"column":28},"end":{"line":204,"column":6}},"67":{"start":{"line":206,"column":4},"end":{"line":214,"column":5}},"68":{"start":{"line":207,"column":6},"end":{"line":207,"column":50}},"69":{"start":{"line":208,"column":6},"end":{"line":212,"column":9}},"70":{"start":{"line":213,"column":6},"end":{"line":213,"column":35}},"71":{"start":{"line":216,"column":4},"end":{"line":219,"column":7}},"72":{"start":{"line":220,"column":4},"end":{"line":220,"column":33}},"73":{"start":{"line":222,"column":4},"end":{"line":222,"column":48}},"74":{"start":{"line":223,"column":4},"end":{"line":227,"column":7}},"75":{"start":{"line":228,"column":4},"end":{"line":228,"column":33}},"76":{"start":{"line":197,"column":13},"end":{"line":197,"column":37}}},"fnMap":{"0":{"name":"(anonymous_7)","decl":{"start":{"line":13,"column":29},"end":{"line":13,"column":null}},"loc":{"start":{"line":17,"column":27},"end":{"line":82,"column":2}}},"1":{"name":"(anonymous_8)","decl":{"start":{"line":17,"column":27},"end":{"line":17,"column":null}},"loc":{"start":{"line":17,"column":27},"end":{"line":82,"column":1}}},"2":{"name":"(anonymous_9)","decl":{"start":{"line":85,"column":29},"end":{"line":85,"column":null}},"loc":{"start":{"line":89,"column":27},"end":{"line":139,"column":2}}},"3":{"name":"(anonymous_10)","decl":{"start":{"line":89,"column":27},"end":{"line":89,"column":null}},"loc":{"start":{"line":89,"column":27},"end":{"line":139,"column":1}}},"4":{"name":"(anonymous_11)","decl":{"start":{"line":142,"column":30},"end":{"line":142,"column":null}},"loc":{"start":{"line":144,"column":19},"end":{"line":158,"column":2}}},"5":{"name":"(anonymous_12)","decl":{"start":{"line":144,"column":19},"end":{"line":144,"column":null}},"loc":{"start":{"line":144,"column":19},"end":{"line":158,"column":1}}},"6":{"name":"(anonymous_13)","decl":{"start":{"line":161,"column":36},"end":{"line":161,"column":null}},"loc":{"start":{"line":164,"column":27},"end":{"line":194,"column":2}}},"7":{"name":"(anonymous_14)","decl":{"start":{"line":164,"column":27},"end":{"line":164,"column":null}},"loc":{"start":{"line":164,"column":27},"end":{"line":194,"column":1}}},"8":{"name":"(anonymous_15)","decl":{"start":{"line":197,"column":37},"end":{"line":197,"column":null}},"loc":{"start":{"line":200,"column":27},"end":{"line":230,"column":2}}},"9":{"name":"(anonymous_16)","decl":{"start":{"line":200,"column":27},"end":{"line":200,"column":null}},"loc":{"start":{"line":200,"column":27},"end":{"line":230,"column":1}}}},"branchMap":{"0":{"loc":{"start":{"line":26,"column":4},"end":{"line":47,"column":5}},"type":"if","locations":[{"start":{"line":26,"column":4},"end":{"line":47,"column":5}}]},"1":{"loc":{"start":{"line":30,"column":6},"end":{"line":45,"column":7}},"type":"if","locations":[{"start":{"line":30,"column":6},"end":{"line":45,"column":7}},{"start":{"line":39,"column":13},"end":{"line":45,"column":7}}]},"2":{"loc":{"start":{"line":30,"column":10},"end":{"line":33,"column":56}},"type":"binary-expr","locations":[{"start":{"line":30,"column":10},"end":{"line":30,"column":59}},{"start":{"line":31,"column":10},"end":{"line":31,"column":54}},{"start":{"line":32,"column":10},"end":{"line":32,"column":49}},{"start":{"line":33,"column":10},"end":{"line":33,"column":56}}]},"3":{"loc":{"start":{"line":51,"column":4},"end":{"line":58,"column":5}},"type":"if","locations":[{"start":{"line":51,"column":4},"end":{"line":58,"column":5}}]},"4":{"loc":{"start":{"line":51,"column":8},"end":{"line":51,"column":79}},"type":"binary-expr","locations":[{"start":{"line":51,"column":8},"end":{"line":51,"column":18}},{"start":{"line":51,"column":22},"end":{"line":51,"column":42}},{"start":{"line":51,"column":46},"end":{"line":51,"column":79}}]},"5":{"loc":{"start":{"line":51,"column":8},"end":{"line":51,"column":18}},"type":"cond-expr","locations":[{"start":{"line":51,"column":12},"end":{"line":51,"column":14}},{"start":{"line":51,"column":8},"end":{"line":51,"column":18}}]},"6":{"loc":{"start":{"line":51,"column":8},"end":{"line":51,"column":14}},"type":"binary-expr","locations":[{"start":{"line":51,"column":8},"end":{"line":51,"column":14}},{"start":{"line":51,"column":8},"end":{"line":51,"column":14}}]},"7":{"loc":{"start":{"line":61,"column":4},"end":{"line":71,"column":5}},"type":"if","locations":[{"start":{"line":61,"column":4},"end":{"line":71,"column":5}},{"start":{"line":66,"column":11},"end":{"line":71,"column":5}}]},"8":{"loc":{"start":{"line":61,"column":8},"end":{"line":61,"column":51}},"type":"binary-expr","locations":[{"start":{"line":61,"column":8},"end":{"line":61,"column":18}},{"start":{"line":61,"column":22},"end":{"line":61,"column":51}}]},"9":{"loc":{"start":{"line":61,"column":8},"end":{"line":61,"column":18}},"type":"cond-expr","locations":[{"start":{"line":61,"column":12},"end":{"line":61,"column":14}},{"start":{"line":61,"column":8},"end":{"line":61,"column":18}}]},"10":{"loc":{"start":{"line":61,"column":8},"end":{"line":61,"column":14}},"type":"binary-expr","locations":[{"start":{"line":61,"column":8},"end":{"line":61,"column":14}},{"start":{"line":61,"column":8},"end":{"line":61,"column":14}}]},"11":{"loc":{"start":{"line":99,"column":4},"end":{"line":123,"column":5}},"type":"if","locations":[{"start":{"line":99,"column":4},"end":{"line":123,"column":5}}]},"12":{"loc":{"start":{"line":103,"column":6},"end":{"line":121,"column":7}},"type":"if","locations":[{"start":{"line":103,"column":6},"end":{"line":121,"column":7}},{"start":{"line":109,"column":13},"end":{"line":121,"column":7}}]},"13":{"loc":{"start":{"line":109,"column":13},"end":{"line":121,"column":7}},"type":"if","locations":[{"start":{"line":109,"column":13},"end":{"line":121,"column":7}},{"start":{"line":115,"column":13},"end":{"line":121,"column":7}}]},"14":{"loc":{"start":{"line":170,"column":4},"end":{"line":178,"column":5}},"type":"if","locations":[{"start":{"line":170,"column":4},"end":{"line":178,"column":5}}]},"15":{"loc":{"start":{"line":206,"column":4},"end":{"line":214,"column":5}},"type":"if","locations":[{"start":{"line":206,"column":4},"end":{"line":214,"column":5}}]}},"s":{"0":0,"1":0,"2":0,"3":0,"4":0,"5":0,"6":0,"7":0,"8":0,"9":0,"10":0,"11":0,"12":0,"13":0,"14":0,"15":0,"16":0,"17":0,"18":0,"19":0,"20":0,"21":0,"22":0,"23":0,"24":0,"25":0,"26":0,"27":0,"28":0,"29":0,"30":0,"31":0,"32":0,"33":0,"34":0,"35":0,"36":0,"37":0,"38":0,"39":0,"40":0,"41":0,"42":0,"43":0,"44":0,"45":0,"46":0,"47":0,"48":0,"49":0,"50":0,"51":0,"52":0,"53":0,"54":0,"55":0,"56":0,"57":0,"58":0,"59":0,"60":0,"61":0,"62":0,"63":0,"64":0,"65":0,"66":0,"67":0,"68":0,"69":0,"70":0,"71":0,"72":0,"73":0,"74":0,"75":0,"76":0},"f":{"0":0,"1":0,"2":0,"3":0,"4":0,"5":0,"6":0,"7":0,"8":0,"9":0},"b":{"0":[0],"1":[0,0],"2":[0,0,0,0],"3":[0],"4":[0,0,0],"5":[0,0],"6":[0,0],"7":[0,0],"8":[0,0],"9":[0,0],"10":[0,0],"11":[0],"12":[0,0],"13":[0,0],"14":[0],"15":[0]}}
,"/Users/kaitakumi/Documents/bono-training/src/services/content.ts": {"path":"/Users/kaitakumi/Documents/bono-training/src/services/content.ts","statementMap":{"0":{"start":{"line":11,"column":0},"end":{"line":11,"column":22}},"1":{"start":{"line":2,"column":0},"end":{"line":2,"column":58}},"2":{"start":{"line":4,"column":0},"end":{"line":4,"column":74}},"3":{"start":{"line":16,"column":2},"end":{"line":107,"column":3}},"4":{"start":{"line":17,"column":4},"end":{"line":23,"column":5}},"5":{"start":{"line":18,"column":6},"end":{"line":18,"column":37}},"6":{"start":{"line":19,"column":6},"end":{"line":22,"column":8}},"7":{"start":{"line":25,"column":4},"end":{"line":25,"column":51}},"8":{"start":{"line":28,"column":34},"end":{"line":28,"column":66}},"9":{"start":{"line":29,"column":28},"end":{"line":29,"column":44}},"10":{"start":{"line":31,"column":4},"end":{"line":31,"column":61}},"11":{"start":{"line":73,"column":24},"end":{"line":73,"column":53}},"12":{"start":{"line":74,"column":4},"end":{"line":94,"column":5}},"13":{"start":{"line":75,"column":6},"end":{"line":93,"column":7}},"14":{"start":{"line":77,"column":8},"end":{"line":81,"column":10}},"15":{"start":{"line":84,"column":8},"end":{"line":92,"column":10}},"16":{"start":{"line":97,"column":4},"end":{"line":100,"column":6}},"17":{"start":{"line":102,"column":4},"end":{"line":102,"column":35}},"18":{"start":{"line":103,"column":4},"end":{"line":106,"column":6}}},"fnMap":{"0":{"name":"getContentById","decl":{"start":{"line":11,"column":22},"end":{"line":11,"column":36}},"loc":{"start":{"line":11,"column":54},"end":{"line":108,"column":null}}}},"branchMap":{"0":{"loc":{"start":{"line":17,"column":4},"end":{"line":23,"column":5}},"type":"if","locations":[{"start":{"line":17,"column":4},"end":{"line":23,"column":5}}]},"1":{"loc":{"start":{"line":29,"column":30},"end":{"line":29,"column":43}},"type":"cond-expr","locations":[{"start":{"line":29,"column":37},"end":{"line":29,"column":39}},{"start":{"line":29,"column":30},"end":{"line":29,"column":43}}]},"2":{"loc":{"start":{"line":29,"column":30},"end":{"line":29,"column":39}},"type":"binary-expr","locations":[{"start":{"line":29,"column":30},"end":{"line":29,"column":39}},{"start":{"line":29,"column":30},"end":{"line":29,"column":39}}]},"3":{"loc":{"start":{"line":31,"column":25},"end":{"line":31,"column":57}},"type":"cond-expr","locations":[{"start":{"line":31,"column":43},"end":{"line":31,"column":49}},{"start":{"line":31,"column":52},"end":{"line":31,"column":57}}]},"4":{"loc":{"start":{"line":74,"column":4},"end":{"line":94,"column":5}},"type":"if","locations":[{"start":{"line":74,"column":4},"end":{"line":94,"column":5}}]},"5":{"loc":{"start":{"line":75,"column":6},"end":{"line":93,"column":7}},"type":"if","locations":[{"start":{"line":75,"column":6},"end":{"line":93,"column":7}},{"start":{"line":82,"column":13},"end":{"line":93,"column":7}}]},"6":{"loc":{"start":{"line":75,"column":10},"end":{"line":75,"column":63}},"type":"binary-expr","locations":[{"start":{"line":75,"column":10},"end":{"line":75,"column":44}},{"start":{"line":75,"column":48},"end":{"line":75,"column":63}}]},"7":{"loc":{"start":{"line":87,"column":22},"end":{"line":87,"column":70}},"type":"binary-expr","locations":[{"start":{"line":87,"column":22},"end":{"line":87,"column":46}},{"start":{"line":87,"column":50},"end":{"line":87,"column":70}}]},"8":{"loc":{"start":{"line":88,"column":21},"end":{"line":88,"column":67}},"type":"binary-expr","locations":[{"start":{"line":88,"column":21},"end":{"line":88,"column":44}},{"start":{"line":88,"column":48},"end":{"line":88,"column":67}}]},"9":{"loc":{"start":{"line":105,"column":13},"end":{"line":105,"column":68}},"type":"cond-expr","locations":[{"start":{"line":105,"column":36},"end":{"line":105,"column":39}},{"start":{"line":105,"column":42},"end":{"line":105,"column":68}}]}},"s":{"0":0,"1":0,"2":0,"3":0,"4":0,"5":0,"6":0,"7":0,"8":0,"9":0,"10":0,"11":0,"12":0,"13":0,"14":0,"15":0,"16":0,"17":0,"18":0},"f":{"0":0},"b":{"0":[0],"1":[0,0],"2":[0,0],"3":[0,0],"4":[0],"5":[0,0],"6":[0,0],"7":[0,0],"8":[0,0],"9":[0,0]}}
,"/Users/kaitakumi/Documents/bono-training/src/services/training.ts": {"path":"/Users/kaitakumi/Documents/bono-training/src/services/training.ts","statementMap":{"0":{"start":{"line":3,"column":0},"end":{"line":3,"column":9}},"1":{"start":{"line":3,"column":9},"end":{"line":3,"column":56}},"2":{"start":{"line":4,"column":0},"end":{"line":4,"column":9}},"3":{"start":{"line":4,"column":9},"end":{"line":4,"column":63}},"4":{"start":{"line":5,"column":0},"end":{"line":5,"column":9}},"5":{"start":{"line":5,"column":9},"end":{"line":5,"column":63}},"6":{"start":{"line":6,"column":0},"end":{"line":6,"column":9}},"7":{"start":{"line":6,"column":9},"end":{"line":6,"column":30}},"8":{"start":{"line":6,"column":30},"end":{"line":6,"column":78}}},"fnMap":{"0":{"name":"(anonymous_0)","decl":{"start":{"line":3,"column":9},"end":{"line":3,"column":21}},"loc":{"start":{"line":3,"column":9},"end":{"line":3,"column":56}}},"1":{"name":"(anonymous_1)","decl":{"start":{"line":4,"column":9},"end":{"line":4,"column":26}},"loc":{"start":{"line":4,"column":9},"end":{"line":4,"column":63}}},"2":{"name":"(anonymous_2)","decl":{"start":{"line":5,"column":9},"end":{"line":5,"column":30}},"loc":{"start":{"line":5,"column":9},"end":{"line":5,"column":63}}},"3":{"name":"(anonymous_3)","decl":{"start":{"line":6,"column":9},"end":{"line":6,"column":28}},"loc":{"start":{"line":6,"column":9},"end":{"line":6,"column":30}}},"4":{"name":"(anonymous_4)","decl":{"start":{"line":6,"column":30},"end":{"line":6,"column":48}},"loc":{"start":{"line":6,"column":30},"end":{"line":6,"column":78}}}},"branchMap":{},"s":{"0":0,"1":0,"2":0,"3":0,"4":0,"5":0,"6":0,"7":0,"8":0},"f":{"0":0,"1":0,"2":0,"3":0,"4":0},"b":{}}
,"/Users/kaitakumi/Documents/bono-training/src/services/training/local-content-fallback.ts": {"path":"/Users/kaitakumi/Documents/bono-training/src/services/training/local-content-fallback.ts","statementMap":{"0":{"start":{"line":7,"column":35},"end":{"line":178,"column":2}},"1":{"start":{"line":7,"column":116},"end":{"line":178,"column":2}},"2":{"start":{"line":8,"column":2},"end":{"line":8,"column":63}},"3":{"start":{"line":10,"column":2},"end":{"line":177,"column":3}},"4":{"start":{"line":12,"column":49},"end":{"line":15,"column":6}},"5":{"start":{"line":17,"column":29},"end":{"line":17,"column":63}},"6":{"start":{"line":18,"column":24},"end":{"line":18,"column":96}},"7":{"start":{"line":20,"column":4},"end":{"line":20,"column":49}},"8":{"start":{"line":25,"column":4},"end":{"line":94,"column":5}},"9":{"start":{"line":27,"column":6},"end":{"line":90,"column":15}},"10":{"start":{"line":92,"column":6},"end":{"line":92,"column":79}},"11":{"start":{"line":93,"column":6},"end":{"line":93,"column":18}},"12":{"start":{"line":97,"column":4},"end":{"line":97,"column":65}},"13":{"start":{"line":99,"column":29},"end":{"line":99,"column":79}},"14":{"start":{"line":100,"column":4},"end":{"line":104,"column":5}},"15":{"start":{"line":101,"column":6},"end":{"line":101,"column":45}},"16":{"start":{"line":102,"column":6},"end":{"line":102,"column":69}},"17":{"start":{"line":103,"column":6},"end":{"line":103,"column":18}},"18":{"start":{"line":106,"column":49},"end":{"line":106,"column":65}},"19":{"start":{"line":107,"column":4},"end":{"line":107,"column":115}},"20":{"start":{"line":110,"column":45},"end":{"line":110,"column":47}},"21":{"start":{"line":111,"column":29},"end":{"line":111,"column":84}},"22":{"start":{"line":111,"column":72},"end":{"line":111,"column":83}},"23":{"start":{"line":113,"column":4},"end":{"line":113,"column":63}},"24":{"start":{"line":115,"column":4},"end":{"line":132,"column":7}},"25":{"start":{"line":116,"column":20},"end":{"line":116,"column":51}},"26":{"start":{"line":117,"column":6},"end":{"line":131,"column":7}},"27":{"start":{"line":118,"column":31},"end":{"line":118,"column":36}},"28":{"start":{"line":119,"column":31},"end":{"line":119,"column":68}},"29":{"start":{"line":122,"column":8},"end":{"line":124,"column":102}},"30":{"start":{"line":122,"column":36},"end":{"line":122,"column":55}},"31":{"start":{"line":123,"column":13},"end":{"line":124,"column":102}},"32":{"start":{"line":123,"column":42},"end":{"line":123,"column":62}},"33":{"start":{"line":124,"column":13},"end":{"line":124,"column":102}},"34":{"start":{"line":124,"column":68},"end":{"line":124,"column":102}},"35":{"start":{"line":126,"column":25},"end":{"line":126,"column":35}},"36":{"start":{"line":127,"column":8},"end":{"line":127,"column":44}},"37":{"start":{"line":128,"column":8},"end":{"line":128,"column":103}},"38":{"start":{"line":130,"column":8},"end":{"line":130,"column":70}},"39":{"start":{"line":134,"column":4},"end":{"line":138,"column":7}},"40":{"start":{"line":141,"column":39},"end":{"line":162,"column":6}},"41":{"start":{"line":164,"column":4},"end":{"line":170,"column":7}},"42":{"start":{"line":172,"column":4},"end":{"line":172,"column":22}},"43":{"start":{"line":175,"column":4},"end":{"line":175,"column":48}},"44":{"start":{"line":176,"column":4},"end":{"line":176,"column":16}},"45":{"start":{"line":7,"column":13},"end":{"line":7,"column":35}},"46":{"start":{"line":183,"column":36},"end":{"line":195,"column":1}},"47":{"start":{"line":185,"column":2},"end":{"line":191,"column":3}},"48":{"start":{"line":186,"column":45},"end":{"line":189,"column":6}},"49":{"start":{"line":190,"column":4},"end":{"line":190,"column":38}},"50":{"start":{"line":194,"column":2},"end":{"line":194,"column":18}},"51":{"start":{"line":183,"column":13},"end":{"line":183,"column":36}}},"fnMap":{"0":{"name":"(anonymous_7)","decl":{"start":{"line":7,"column":35},"end":{"line":7,"column":42}},"loc":{"start":{"line":7,"column":116},"end":{"line":178,"column":2}}},"1":{"name":"(anonymous_8)","decl":{"start":{"line":7,"column":116},"end":{"line":7,"column":null}},"loc":{"start":{"line":7,"column":116},"end":{"line":178,"column":1}}},"2":{"name":"(anonymous_9)","decl":{"start":{"line":111,"column":64},"end":{"line":111,"column":68}},"loc":{"start":{"line":111,"column":72},"end":{"line":111,"column":83}}},"3":{"name":"(anonymous_10)","decl":{"start":{"line":115,"column":29},"end":{"line":115,"column":30}},"loc":{"start":{"line":115,"column":45},"end":{"line":132,"column":5}}},"4":{"name":"(anonymous_11)","decl":{"start":{"line":183,"column":36},"end":{"line":183,"column":37}},"loc":{"start":{"line":183,"column":94},"end":{"line":195,"column":1}}}},"branchMap":{"0":{"loc":{"start":{"line":17,"column":29},"end":{"line":17,"column":63}},"type":"binary-expr","locations":[{"start":{"line":17,"column":29},"end":{"line":17,"column":51}},{"start":{"line":17,"column":55},"end":{"line":17,"column":63}}]},"1":{"loc":{"start":{"line":25,"column":4},"end":{"line":94,"column":5}},"type":"if","locations":[{"start":{"line":25,"column":4},"end":{"line":94,"column":5}},{"start":{"line":91,"column":11},"end":{"line":94,"column":5}}]},"2":{"loc":{"start":{"line":25,"column":8},"end":{"line":25,"column":71}},"type":"binary-expr","locations":[{"start":{"line":25,"column":8},"end":{"line":25,"column":48}},{"start":{"line":25,"column":52},"end":{"line":25,"column":71}}]},"3":{"loc":{"start":{"line":100,"column":4},"end":{"line":104,"column":5}},"type":"if","locations":[{"start":{"line":100,"column":4},"end":{"line":104,"column":5}}]},"4":{"loc":{"start":{"line":117,"column":6},"end":{"line":131,"column":7}},"type":"if","locations":[{"start":{"line":117,"column":6},"end":{"line":131,"column":7}},{"start":{"line":129,"column":13},"end":{"line":131,"column":7}}]},"5":{"loc":{"start":{"line":122,"column":8},"end":{"line":124,"column":102}},"type":"if","locations":[{"start":{"line":122,"column":8},"end":{"line":124,"column":102}},{"start":{"line":123,"column":13},"end":{"line":124,"column":102}}]},"6":{"loc":{"start":{"line":123,"column":13},"end":{"line":124,"column":102}},"type":"if","locations":[{"start":{"line":123,"column":13},"end":{"line":124,"column":102}},{"start":{"line":124,"column":13},"end":{"line":124,"column":102}}]},"7":{"loc":{"start":{"line":124,"column":13},"end":{"line":124,"column":102}},"type":"if","locations":[{"start":{"line":124,"column":13},"end":{"line":124,"column":102}}]},"8":{"loc":{"start":{"line":124,"column":17},"end":{"line":124,"column":66}},"type":"binary-expr","locations":[{"start":{"line":124,"column":17},"end":{"line":124,"column":44}},{"start":{"line":124,"column":48},"end":{"line":124,"column":66}}]},"9":{"loc":{"start":{"line":144,"column":13},"end":{"line":144,"column":43}},"type":"binary-expr","locations":[{"start":{"line":144,"column":13},"end":{"line":144,"column":30}},{"start":{"line":144,"column":34},"end":{"line":144,"column":43}}]},"10":{"loc":{"start":{"line":146,"column":26},"end":{"line":146,"column":57}},"type":"binary-expr","locations":[{"start":{"line":146,"column":26},"end":{"line":146,"column":48}},{"start":{"line":146,"column":52},"end":{"line":146,"column":57}}]},"11":{"loc":{"start":{"line":147,"column":19},"end":{"line":147,"column":47}},"type":"binary-expr","locations":[{"start":{"line":147,"column":19},"end":{"line":147,"column":42}},{"start":{"line":147,"column":46},"end":{"line":147,"column":47}}]},"12":{"loc":{"start":{"line":152,"column":19},"end":{"line":152,"column":48}},"type":"binary-expr","locations":[{"start":{"line":152,"column":19},"end":{"line":152,"column":42}},{"start":{"line":152,"column":46},"end":{"line":152,"column":48}}]},"13":{"loc":{"start":{"line":185,"column":2},"end":{"line":191,"column":3}},"type":"if","locations":[{"start":{"line":185,"column":2},"end":{"line":191,"column":3}}]},"14":{"loc":{"start":{"line":190,"column":11},"end":{"line":190,"column":37}},"type":"binary-expr","locations":[{"start":{"line":190,"column":11},"end":{"line":190,"column":29}},{"start":{"line":190,"column":33},"end":{"line":190,"column":37}}]}},"s":{"0":0,"1":0,"2":0,"3":0,"4":0,"5":0,"6":0,"7":0,"8":0,"9":0,"10":0,"11":0,"12":0,"13":0,"14":0,"15":0,"16":0,"17":0,"18":0,"19":0,"20":0,"21":0,"22":0,"23":0,"24":0,"25":0,"26":0,"27":0,"28":0,"29":0,"30":0,"31":0,"32":0,"33":0,"34":0,"35":0,"36":0,"37":0,"38":0,"39":0,"40":0,"41":0,"42":0,"43":0,"44":0,"45":0,"46":0,"47":0,"48":0,"49":0,"50":0,"51":0},"f":{"0":0,"1":0,"2":0,"3":0,"4":0},"b":{"0":[0,0],"1":[0,0],"2":[0,0],"3":[0],"4":[0,0],"5":[0,0],"6":[0,0],"7":[0],"8":[0,0],"9":[0,0],"10":[0,0],"11":[0,0],"12":[0,0],"13":[0],"14":[0,0]}}
,"/Users/kaitakumi/Documents/bono-training/src/services/training/progress.ts": {"path":"/Users/kaitakumi/Documents/bono-training/src/services/training/progress.ts","statementMap":{"0":{"start":{"line":2,"column":0},"end":{"line":2,"column":58}},"1":{"start":{"line":7,"column":35},"end":{"line":29,"column":2}},"2":{"start":{"line":7,"column":80},"end":{"line":29,"column":2}},"3":{"start":{"line":8,"column":2},"end":{"line":28,"column":3}},"4":{"start":{"line":9,"column":28},"end":{"line":12,"column":28}},"5":{"start":{"line":14,"column":4},"end":{"line":14,"column":27}},"6":{"start":{"line":14,"column":15},"end":{"line":14,"column":27}},"7":{"start":{"line":16,"column":45},"end":{"line":16,"column":47}},"8":{"start":{"line":17,"column":4},"end":{"line":22,"column":7}},"9":{"start":{"line":18,"column":6},"end":{"line":21,"column":8}},"10":{"start":{"line":24,"column":4},"end":{"line":24,"column":47}},"11":{"start":{"line":26,"column":4},"end":{"line":26,"column":39}},"12":{"start":{"line":27,"column":4},"end":{"line":27,"column":67}},"13":{"start":{"line":7,"column":13},"end":{"line":7,"column":35}},"14":{"start":{"line":34,"column":34},"end":{"line":53,"column":2}},"15":{"start":{"line":34,"column":116},"end":{"line":53,"column":2}},"16":{"start":{"line":35,"column":2},"end":{"line":52,"column":3}},"17":{"start":{"line":36,"column":25},"end":{"line":36,"column":76}},"18":{"start":{"line":38,"column":28},"end":{"line":45,"column":43}},"19":{"start":{"line":47,"column":4},"end":{"line":47,"column":27}},"20":{"start":{"line":47,"column":15},"end":{"line":47,"column":27}},"21":{"start":{"line":48,"column":4},"end":{"line":48,"column":37}},"22":{"start":{"line":50,"column":4},"end":{"line":50,"column":39}},"23":{"start":{"line":51,"column":4},"end":{"line":51,"column":63}},"24":{"start":{"line":34,"column":13},"end":{"line":34,"column":34}}},"fnMap":{"0":{"name":"(anonymous_7)","decl":{"start":{"line":7,"column":35},"end":{"line":7,"column":42}},"loc":{"start":{"line":7,"column":80},"end":{"line":29,"column":2}}},"1":{"name":"(anonymous_8)","decl":{"start":{"line":7,"column":80},"end":{"line":7,"column":null}},"loc":{"start":{"line":7,"column":80},"end":{"line":29,"column":1}}},"2":{"name":"(anonymous_9)","decl":{"start":{"line":17,"column":18},"end":{"line":17,"column":22}},"loc":{"start":{"line":17,"column":25},"end":{"line":22,"column":5}}},"3":{"name":"(anonymous_10)","decl":{"start":{"line":34,"column":34},"end":{"line":34,"column":41}},"loc":{"start":{"line":34,"column":116},"end":{"line":53,"column":2}}},"4":{"name":"(anonymous_11)","decl":{"start":{"line":34,"column":116},"end":{"line":34,"column":null}},"loc":{"start":{"line":34,"column":116},"end":{"line":53,"column":1}}}},"branchMap":{"0":{"loc":{"start":{"line":14,"column":4},"end":{"line":14,"column":27}},"type":"if","locations":[{"start":{"line":14,"column":4},"end":{"line":14,"column":27}}]},"1":{"loc":{"start":{"line":17,"column":4},"end":{"line":22,"column":6}},"type":"cond-expr","locations":[{"start":{"line":17,"column":8},"end":{"line":17,"column":10}},{"start":{"line":17,"column":4},"end":{"line":22,"column":6}}]},"2":{"loc":{"start":{"line":17,"column":4},"end":{"line":17,"column":10}},"type":"binary-expr","locations":[{"start":{"line":17,"column":4},"end":{"line":17,"column":10}},{"start":{"line":17,"column":4},"end":{"line":17,"column":10}}]},"3":{"loc":{"start":{"line":36,"column":25},"end":{"line":36,"column":76}},"type":"cond-expr","locations":[{"start":{"line":36,"column":45},"end":{"line":36,"column":69}},{"start":{"line":36,"column":72},"end":{"line":36,"column":76}}]},"4":{"loc":{"start":{"line":47,"column":4},"end":{"line":47,"column":27}},"type":"if","locations":[{"start":{"line":47,"column":4},"end":{"line":47,"column":27}}]}},"s":{"0":0,"1":0,"2":0,"3":0,"4":0,"5":0,"6":0,"7":0,"8":0,"9":0,"10":0,"11":0,"12":0,"13":0,"14":0,"15":0,"16":0,"17":0,"18":0,"19":0,"20":0,"21":0,"22":0,"23":0,"24":0},"f":{"0":0,"1":0,"2":0,"3":0,"4":0},"b":{"0":[0],"1":[0,0],"2":[0,0],"3":[0,0],"4":[0]}}
,"/Users/kaitakumi/Documents/bono-training/src/services/training/task-detail.ts": {"path":"/Users/kaitakumi/Documents/bono-training/src/services/training/task-detail.ts","statementMap":{"0":{"start":{"line":2,"column":0},"end":{"line":2,"column":58}},"1":{"start":{"line":4,"column":0},"end":{"line":4,"column":47}},"2":{"start":{"line":5,"column":0},"end":{"line":5,"column":89}},"3":{"start":{"line":6,"column":0},"end":{"line":6,"column":63}},"4":{"start":{"line":11,"column":16},"end":{"line":18,"column":1}},"5":{"start":{"line":12,"column":2},"end":{"line":17,"column":3}},"6":{"start":{"line":13,"column":4},"end":{"line":13,"column":98}},"7":{"start":{"line":13,"column":52},"end":{"line":13,"column":75}},"8":{"start":{"line":15,"column":4},"end":{"line":15,"column":52}},"9":{"start":{"line":16,"column":4},"end":{"line":16,"column":24}},"10":{"start":{"line":23,"column":37},"end":{"line":99,"column":1}},"11":{"start":{"line":24,"column":2},"end":{"line":26,"column":3}},"12":{"start":{"line":25,"column":4},"end":{"line":25,"column":62}},"13":{"start":{"line":29,"column":18},"end":{"line":29,"column":54}},"14":{"start":{"line":30,"column":15},"end":{"line":30,"column":48}},"15":{"start":{"line":32,"column":2},"end":{"line":34,"column":3}},"16":{"start":{"line":33,"column":4},"end":{"line":33,"column":67}},"17":{"start":{"line":36,"column":2},"end":{"line":38,"column":3}},"18":{"start":{"line":37,"column":4},"end":{"line":37,"column":61}},"19":{"start":{"line":41,"column":20},"end":{"line":47,"column":6}},"20":{"start":{"line":42,"column":21},"end":{"line":42,"column":62}},"21":{"start":{"line":43,"column":4},"end":{"line":43,"column":55}},"22":{"start":{"line":43,"column":39},"end":{"line":43,"column":55}},"23":{"start":{"line":44,"column":4},"end":{"line":44,"column":41}},"24":{"start":{"line":44,"column":29},"end":{"line":44,"column":41}},"25":{"start":{"line":45,"column":4},"end":{"line":45,"column":43}},"26":{"start":{"line":45,"column":30},"end":{"line":45,"column":43}},"27":{"start":{"line":46,"column":4},"end":{"line":46,"column":29}},"28":{"start":{"line":49,"column":21},"end":{"line":54,"column":6}},"29":{"start":{"line":50,"column":21},"end":{"line":50,"column":52}},"30":{"start":{"line":51,"column":4},"end":{"line":51,"column":54}},"31":{"start":{"line":51,"column":38},"end":{"line":51,"column":54}},"32":{"start":{"line":52,"column":19},"end":{"line":52,"column":41}},"33":{"start":{"line":53,"column":4},"end":{"line":53,"column":38}},"34":{"start":{"line":56,"column":21},"end":{"line":61,"column":6}},"35":{"start":{"line":57,"column":21},"end":{"line":57,"column":53}},"36":{"start":{"line":58,"column":4},"end":{"line":58,"column":54}},"37":{"start":{"line":58,"column":38},"end":{"line":58,"column":54}},"38":{"start":{"line":59,"column":19},"end":{"line":59,"column":41}},"39":{"start":{"line":60,"column":4},"end":{"line":60,"column":39}},"40":{"start":{"line":64,"column":37},"end":{"line":86,"column":4}},"41":{"start":{"line":88,"column":2},"end":{"line":96,"column":5}},"42":{"start":{"line":98,"column":2},"end":{"line":98,"column":20}},"43":{"start":{"line":104,"column":37},"end":{"line":196,"column":2}},"44":{"start":{"line":104,"column":111},"end":{"line":196,"column":2}},"45":{"start":{"line":105,"column":2},"end":{"line":105,"column":59}},"46":{"start":{"line":106,"column":2},"end":{"line":111,"column":5}},"47":{"start":{"line":113,"column":2},"end":{"line":195,"column":3}},"48":{"start":{"line":114,"column":4},"end":{"line":116,"column":5}},"49":{"start":{"line":115,"column":6},"end":{"line":115,"column":81}},"50":{"start":{"line":118,"column":4},"end":{"line":120,"column":5}},"51":{"start":{"line":119,"column":6},"end":{"line":119,"column":76}},"52":{"start":{"line":123,"column":4},"end":{"line":129,"column":7}},"53":{"start":{"line":131,"column":28},"end":{"line":136,"column":6}},"54":{"start":{"line":138,"column":4},"end":{"line":145,"column":7}},"55":{"start":{"line":148,"column":4},"end":{"line":165,"column":5}},"56":{"start":{"line":149,"column":6},"end":{"line":149,"column":62}},"57":{"start":{"line":151,"column":6},"end":{"line":161,"column":7}},"58":{"start":{"line":152,"column":32},"end":{"line":152,"column":81}},"59":{"start":{"line":153,"column":8},"end":{"line":158,"column":9}},"60":{"start":{"line":154,"column":10},"end":{"line":154,"column":63}},"61":{"start":{"line":155,"column":10},"end":{"line":155,"column":33}},"62":{"start":{"line":157,"column":10},"end":{"line":157,"column":52}},"63":{"start":{"line":160,"column":8},"end":{"line":160,"column":61}},"64":{"start":{"line":164,"column":6},"end":{"line":164,"column":56}},"65":{"start":{"line":168,"column":25},"end":{"line":168,"column":68}},"66":{"start":{"line":169,"column":23},"end":{"line":169,"column":89}},"67":{"start":{"line":171,"column":4},"end":{"line":171,"column":22}},"68":{"start":{"line":174,"column":4},"end":{"line":174,"column":68}},"69":{"start":{"line":177,"column":4},"end":{"line":177,"column":37}},"70":{"start":{"line":178,"column":4},"end":{"line":186,"column":5}},"71":{"start":{"line":179,"column":30},"end":{"line":179,"column":79}},"72":{"start":{"line":180,"column":6},"end":{"line":183,"column":7}},"73":{"start":{"line":181,"column":8},"end":{"line":181,"column":37}},"74":{"start":{"line":182,"column":8},"end":{"line":182,"column":31}},"75":{"start":{"line":185,"column":6},"end":{"line":185,"column":54}},"76":{"start":{"line":189,"column":4},"end":{"line":191,"column":5}},"77":{"start":{"line":190,"column":6},"end":{"line":190,"column":16}},"78":{"start":{"line":193,"column":4},"end":{"line":193,"column":58}},"79":{"start":{"line":194,"column":4},"end":{"line":194,"column":74}},"80":{"start":{"line":104,"column":13},"end":{"line":104,"column":37}}},"fnMap":{"0":{"name":"(anonymous_7)","decl":{"start":{"line":11,"column":16},"end":{"line":11,"column":17}},"loc":{"start":{"line":11,"column":74},"end":{"line":18,"column":1}}},"1":{"name":"(anonymous_8)","decl":{"start":{"line":13,"column":34},"end":{"line":13,"column":35}},"loc":{"start":{"line":13,"column":52},"end":{"line":13,"column":75}}},"2":{"name":"(anonymous_9)","decl":{"start":{"line":23,"column":37},"end":{"line":23,"column":38}},"loc":{"start":{"line":23,"column":115},"end":{"line":99,"column":1}}},"3":{"name":"(anonymous_10)","decl":{"start":{"line":41,"column":21},"end":{"line":41,"column":24}},"loc":{"start":{"line":41,"column":26},"end":{"line":47,"column":3}}},"4":{"name":"(anonymous_11)","decl":{"start":{"line":49,"column":22},"end":{"line":49,"column":25}},"loc":{"start":{"line":49,"column":27},"end":{"line":54,"column":3}}},"5":{"name":"(anonymous_12)","decl":{"start":{"line":56,"column":22},"end":{"line":56,"column":25}},"loc":{"start":{"line":56,"column":27},"end":{"line":61,"column":3}}},"6":{"name":"(anonymous_13)","decl":{"start":{"line":104,"column":37},"end":{"line":104,"column":44}},"loc":{"start":{"line":104,"column":111},"end":{"line":196,"column":2}}},"7":{"name":"(anonymous_14)","decl":{"start":{"line":104,"column":111},"end":{"line":104,"column":null}},"loc":{"start":{"line":104,"column":111},"end":{"line":196,"column":1}}}},"branchMap":{"0":{"loc":{"start":{"line":11,"column":41},"end":{"line":11,"column":65}},"type":"default-arg","locations":[{"start":{"line":11,"column":61},"end":{"line":11,"column":65}}]},"1":{"loc":{"start":{"line":13,"column":11},"end":{"line":13,"column":97}},"type":"cond-expr","locations":[{"start":{"line":13,"column":81},"end":{"line":13,"column":85}},{"start":{"line":13,"column":85},"end":{"line":13,"column":97}}]},"2":{"loc":{"start":{"line":13,"column":11},"end":{"line":13,"column":85}},"type":"binary-expr","locations":[{"start":{"line":13,"column":11},"end":{"line":13,"column":85}},{"start":{"line":13,"column":81},"end":{"line":13,"column":85}}]},"3":{"loc":{"start":{"line":13,"column":52},"end":{"line":13,"column":75}},"type":"binary-expr","locations":[{"start":{"line":13,"column":52},"end":{"line":13,"column":59}},{"start":{"line":13,"column":63},"end":{"line":13,"column":75}}]},"4":{"loc":{"start":{"line":24,"column":2},"end":{"line":26,"column":3}},"type":"if","locations":[{"start":{"line":24,"column":2},"end":{"line":26,"column":3}}]},"5":{"loc":{"start":{"line":32,"column":2},"end":{"line":34,"column":3}},"type":"if","locations":[{"start":{"line":32,"column":2},"end":{"line":34,"column":3}}]},"6":{"loc":{"start":{"line":32,"column":6},"end":{"line":32,"column":45}},"type":"binary-expr","locations":[{"start":{"line":32,"column":6},"end":{"line":32,"column":14}},{"start":{"line":32,"column":18},"end":{"line":32,"column":45}}]},"7":{"loc":{"start":{"line":36,"column":2},"end":{"line":38,"column":3}},"type":"if","locations":[{"start":{"line":36,"column":2},"end":{"line":38,"column":3}}]},"8":{"loc":{"start":{"line":36,"column":6},"end":{"line":36,"column":39}},"type":"binary-expr","locations":[{"start":{"line":36,"column":6},"end":{"line":36,"column":11}},{"start":{"line":36,"column":15},"end":{"line":36,"column":39}}]},"9":{"loc":{"start":{"line":43,"column":4},"end":{"line":43,"column":55}},"type":"if","locations":[{"start":{"line":43,"column":4},"end":{"line":43,"column":55}}]},"10":{"loc":{"start":{"line":44,"column":4},"end":{"line":44,"column":41}},"type":"if","locations":[{"start":{"line":44,"column":4},"end":{"line":44,"column":41}}]},"11":{"loc":{"start":{"line":45,"column":4},"end":{"line":45,"column":43}},"type":"if","locations":[{"start":{"line":45,"column":4},"end":{"line":45,"column":43}}]},"12":{"loc":{"start":{"line":51,"column":4},"end":{"line":51,"column":54}},"type":"if","locations":[{"start":{"line":51,"column":4},"end":{"line":51,"column":54}}]},"13":{"loc":{"start":{"line":53,"column":11},"end":{"line":53,"column":37}},"type":"cond-expr","locations":[{"start":{"line":53,"column":27},"end":{"line":53,"column":28}},{"start":{"line":53,"column":31},"end":{"line":53,"column":37}}]},"14":{"loc":{"start":{"line":58,"column":4},"end":{"line":58,"column":54}},"type":"if","locations":[{"start":{"line":58,"column":4},"end":{"line":58,"column":54}}]},"15":{"loc":{"start":{"line":60,"column":11},"end":{"line":60,"column":38}},"type":"cond-expr","locations":[{"start":{"line":60,"column":27},"end":{"line":60,"column":29}},{"start":{"line":60,"column":32},"end":{"line":60,"column":38}}]},"16":{"loc":{"start":{"line":114,"column":4},"end":{"line":116,"column":5}},"type":"if","locations":[{"start":{"line":114,"column":4},"end":{"line":116,"column":5}}]},"17":{"loc":{"start":{"line":114,"column":8},"end":{"line":114,"column":34}},"type":"binary-expr","locations":[{"start":{"line":114,"column":8},"end":{"line":114,"column":21}},{"start":{"line":114,"column":25},"end":{"line":114,"column":34}}]},"18":{"loc":{"start":{"line":118,"column":4},"end":{"line":120,"column":5}},"type":"if","locations":[{"start":{"line":118,"column":4},"end":{"line":120,"column":5}}]},"19":{"loc":{"start":{"line":118,"column":8},"end":{"line":118,"column":72}},"type":"binary-expr","locations":[{"start":{"line":118,"column":8},"end":{"line":118,"column":40}},{"start":{"line":118,"column":44},"end":{"line":118,"column":72}}]},"20":{"loc":{"start":{"line":141,"column":16},"end":{"line":141,"column":45}},"type":"cond-expr","locations":[{"start":{"line":141,"column":23},"end":{"line":141,"column":40}},{"start":{"line":141,"column":43},"end":{"line":141,"column":45}}]},"21":{"loc":{"start":{"line":143,"column":17},"end":{"line":143,"column":28}},"type":"cond-expr","locations":[{"start":{"line":143,"column":22},"end":{"line":143,"column":24}},{"start":{"line":143,"column":17},"end":{"line":143,"column":28}}]},"22":{"loc":{"start":{"line":143,"column":17},"end":{"line":143,"column":24}},"type":"binary-expr","locations":[{"start":{"line":143,"column":17},"end":{"line":143,"column":24}},{"start":{"line":143,"column":17},"end":{"line":143,"column":24}}]},"23":{"loc":{"start":{"line":144,"column":20},"end":{"line":144,"column":34}},"type":"cond-expr","locations":[{"start":{"line":144,"column":25},"end":{"line":144,"column":27}},{"start":{"line":144,"column":20},"end":{"line":144,"column":34}}]},"24":{"loc":{"start":{"line":144,"column":20},"end":{"line":144,"column":27}},"type":"binary-expr","locations":[{"start":{"line":144,"column":20},"end":{"line":144,"column":27}},{"start":{"line":144,"column":20},"end":{"line":144,"column":27}}]},"25":{"loc":{"start":{"line":148,"column":4},"end":{"line":165,"column":5}},"type":"if","locations":[{"start":{"line":148,"column":4},"end":{"line":165,"column":5}}]},"26":{"loc":{"start":{"line":153,"column":8},"end":{"line":158,"column":9}},"type":"if","locations":[{"start":{"line":153,"column":8},"end":{"line":158,"column":9}},{"start":{"line":156,"column":15},"end":{"line":158,"column":9}}]},"27":{"loc":{"start":{
[...]
ne":87,"column":1}},"26":{"start":{"line":74,"column":2},"end":{"line":86,"column":3}},"27":{"start":{"line":75,"column":20},"end":{"line":75,"column":46}},"28":{"start":{"line":76,"column":4},"end":{"line":81,"column":5}},"29":{"start":{"line":77,"column":28},"end":{"line":77,"column":52}},"30":{"start":{"line":78,"column":6},"end":{"line":80,"column":7}},"31":{"start":{"line":79,"column":8},"end":{"line":79,"column":29}},"32":{"start":{"line":82,"column":4},"end":{"line":82,"column":16}},"33":{"start":{"line":84,"column":4},"end":{"line":84,"column":44}},"34":{"start":{"line":85,"column":4},"end":{"line":85,"column":16}},"35":{"start":{"line":92,"column":20},"end":{"line":98,"column":1}},"36":{"start":{"line":93,"column":2},"end":{"line":97,"column":3}},"37":{"start":{"line":94,"column":4},"end":{"line":94,"column":87}},"38":{"start":{"line":96,"column":4},"end":{"line":96,"column":42}},"39":{"start":{"line":103,"column":31},"end":{"line":128,"column":1}},"40":{"start":{"line":104,"column":2},"end":{"line":127,"column":3}},"41":{"start":{"line":105,"column":21},"end":{"line":107,"column":null}},"42":{"start":{"line":110,"column":24},"end":{"line":110,"column":47}},"43":{"start":{"line":111,"column":4},"end":{"line":114,"column":5}},"44":{"start":{"line":112,"column":6},"end":{"line":112,"column":43}},"45":{"start":{"line":113,"column":6},"end":{"line":113,"column":19}},"46":{"start":{"line":117,"column":4},"end":{"line":117,"column":53}},"47":{"start":{"line":120,"column":4},"end":{"line":120,"column":30}},"48":{"start":{"line":122,"column":4},"end":{"line":122,"column":51}},"49":{"start":{"line":123,"column":4},"end":{"line":123,"column":16}},"50":{"start":{"line":125,"column":4},"end":{"line":125,"column":46}},"51":{"start":{"line":126,"column":4},"end":{"line":126,"column":17}},"52":{"start":{"line":103,"column":13},"end":{"line":103,"column":31}},"53":{"start":{"line":133,"column":30},"end":{"line":171,"column":1}},"54":{"start":{"line":134,"column":2},"end":{"line":170,"column":3}},"55":{"start":{"line":136,"column":22},"end":{"line":136,"column":57}},"56":{"start":{"line":139,"column":4},"end":{"line":145,"column":5}},"57":{"start":{"line":140,"column":6},"end":{"line":140,"column":36}},"58":{"start":{"line":141,"column":6},"end":{"line":144,"column":7}},"59":{"start":{"line":143,"column":8},"end":{"line":143,"column":57}},"60":{"start":{"line":147,"column":4},"end":{"line":149,"column":5}},"61":{"start":{"line":148,"column":6},"end":{"line":148,"column":18}},"62":{"start":{"line":151,"column":24},"end":{"line":151,"column":47}},"63":{"start":{"line":152,"column":4},"end":{"line":155,"column":5}},"64":{"start":{"line":153,"column":6},"end":{"line":153,"column":25}},"65":{"start":{"line":154,"column":6},"end":{"line":154,"column":18}},"66":{"start":{"line":158,"column":4},"end":{"line":162,"column":5}},"67":{"start":{"line":159,"column":6},"end":{"line":159,"column":39}},"68":{"start":{"line":160,"column":6},"end":{"line":160,"column":25}},"69":{"start":{"line":161,"column":6},"end":{"line":161,"column":18}},"70":{"start":{"line":164,"column":4},"end":{"line":164,"column":51}},"71":{"start":{"line":165,"column":4},"end":{"line":165,"column":23}},"72":{"start":{"line":167,"column":4},"end":{"line":167,"column":46}},"73":{"start":{"line":168,"column":4},"end":{"line":168,"column":23}},"74":{"start":{"line":169,"column":4},"end":{"line":169,"column":16}},"75":{"start":{"line":133,"column":13},"end":{"line":133,"column":30}},"76":{"start":{"line":176,"column":32},"end":{"line":184,"column":1}},"77":{"start":{"line":177,"column":2},"end":{"line":183,"column":3}},"78":{"start":{"line":178,"column":4},"end":{"line":178,"column":43}},"79":{"start":{"line":179,"column":4},"end":{"line":179,"column":18}},"80":{"start":{"line":180,"column":4},"end":{"line":180,"column":38}},"81":{"start":{"line":182,"column":4},"end":{"line":182,"column":47}},"82":{"start":{"line":176,"column":13},"end":{"line":176,"column":32}},"83":{"start":{"line":189,"column":30},"end":{"line":191,"column":1}},"84":{"start":{"line":190,"column":2},"end":{"line":190,"column":35}},"85":{"start":{"line":189,"column":13},"end":{"line":189,"column":30}},"86":{"start":{"line":196,"column":32},"end":{"line":207,"column":1}},"87":{"start":{"line":197,"column":22},"end":{"line":197,"column":38}},"88":{"start":{"line":198,"column":2},"end":{"line":206,"column":3}},"89":{"start":{"line":199,"column":4},"end":{"line":203,"column":7}},"90":{"start":{"line":205,"column":4},"end":{"line":205,"column":37}},"91":{"start":{"line":196,"column":13},"end":{"line":196,"column":32}}},"fnMap":{"0":{"name":"(anonymous_0)","decl":{"start":{"line":23,"column":19},"end":{"line":23,"column":20}},"loc":{"start":{"line":23,"column":53},"end":{"line":32,"column":1}}},"1":{"name":"(anonymous_1)","decl":{"start":{"line":37,"column":19},"end":{"line":37,"column":20}},"loc":{"start":{"line":37,"column":67},"end":{"line":46,"column":1}}},"2":{"name":"(anonymous_2)","decl":{"start":{"line":51,"column":18},"end":{"line":51,"column":19}},"loc":{"start":{"line":51,"column":50},"end":{"line":55,"column":1}}},"3":{"name":"(anonymous_3)","decl":{"start":{"line":60,"column":21},"end":{"line":60,"column":22}},"loc":{"start":{"line":60,"column":51},"end":{"line":68,"column":1}}},"4":{"name":"(anonymous_4)","decl":{"start":{"line":73,"column":22},"end":{"line":73,"column":40}},"loc":{"start":{"line":73,"column":42},"end":{"line":87,"column":1}}},"5":{"name":"(anonymous_5)","decl":{"start":{"line":92,"column":20},"end":{"line":92,"column":29}},"loc":{"start":{"line":92,"column":31},"end":{"line":98,"column":1}}},"6":{"name":"(anonymous_6)","decl":{"start":{"line":103,"column":31},"end":{"line":103,"column":32}},"loc":{"start":{"line":103,"column":90},"end":{"line":128,"column":1}}},"7":{"name":"(anonymous_7)","decl":{"start":{"line":133,"column":30},"end":{"line":133,"column":57}},"loc":{"start":{"line":133,"column":59},"end":{"line":171,"column":1}}},"8":{"name":"(anonymous_8)","decl":{"start":{"line":176,"column":32},"end":{"line":176,"column":41}},"loc":{"start":{"line":176,"column":43},"end":{"line":184,"column":1}}},"9":{"name":"(anonymous_9)","decl":{"start":{"line":189,"column":30},"end":{"line":189,"column":42}},"loc":{"start":{"line":189,"column":44},"end":{"line":191,"column":1}}},"10":{"name":"(anonymous_10)","decl":{"start":{"line":196,"column":32},"end":{"line":196,"column":41}},"loc":{"start":{"line":196,"column":43},"end":{"line":207,"column":1}}}},"branchMap":{"0":{"loc":{"start":{"line":78,"column":6},"end":{"line":80,"column":7}},"type":"if","locations":[{"start":{"line":78,"column":6},"end":{"line":80,"column":7}}]},"1":{"loc":{"start":{"line":79,"column":15},"end":{"line":79,"column":28}},"type":"binary-expr","locations":[{"start":{"line":79,"column":15},"end":{"line":79,"column":20}},{"start":{"line":79,"column":24},"end":{"line":79,"column":28}}]},"2":{"loc":{"start":{"line":111,"column":4},"end":{"line":114,"column":5}},"type":"if","locations":[{"start":{"line":111,"column":4},"end":{"line":114,"column":5}}]},"3":{"loc":{"start":{"line":139,"column":4},"end":{"line":145,"column":5}},"type":"if","locations":[{"start":{"line":139,"column":4},"end":{"line":145,"column":5}}]},"4":{"loc":{"start":{"line":141,"column":6},"end":{"line":144,"column":7}},"type":"if","locations":[{"start":{"line":141,"column":6},"end":{"line":144,"column":7}}]},"5":{"loc":{"start":{"line":147,"column":4},"end":{"line":149,"column":5}},"type":"if","locations":[{"start":{"line":147,"column":4},"end":{"line":149,"column":5}}]},"6":{"loc":{"start":{"line":152,"column":4},"end":{"line":155,"column":5}},"type":"if","locations":[{"start":{"line":152,"column":4},"end":{"line":155,"column":5}}]},"7":{"loc":{"start":{"line":158,"column":4},"end":{"line":162,"column":5}},"type":"if","locations":[{"start":{"line":158,"column":4},"end":{"line":162,"column":5}}]},"8":{"loc":{"start":{"line":198,"column":2},"end":{"line":206,"column":3}},"type":"if","locations":[{"start":{"line":198,"column":2},"end":{"line":206,"column":3}},{"start":{"line":204,"column":9},"end":{"line":206,"column":3}}]}},"s":{"0":0,"1":0,"2":0,"3":0,"4":0,"5":0,"6":0,"7":0,"8":0,"9":0,"10":0,"11":0,"12":0,"13":0,"14":0,"15":0,"16":0,"17":0,"18":0,"19":0,"20":0,"21":0,"22":0,"23":0,"24":0,"25":0,"26":0,"27":0,"28":0,"29":0,"30":0,"31":0,"32":0,"33":0,"34":0,"35":0,"36":0,"37":0,"38":0,"39":0,"40":0,"41":0,"42":0,"43":0,"44":0,"45":0,"46":0,"47":0,"48":0,"49":0,"50":0,"51":0,"52":0,"53":0,"54":0,"55":0,"56":0,"57":0,"58":0,"59":0,"60":0,"61":0,"62":0,"63":0,"64":0,"65":0,"66":0,"67":0,"68":0,"69":0,"70":0,"71":0,"72":0,"73":0,"74":0,"75":0,"76":0,"77":0,"78":0,"79":0,"80":0,"81":0,"82":0,"83":0,"84":0,"85":0,"86":0,"87":0,"88":0,"89":0,"90":0,"91":0},"f":{"0":0,"1":0,"2":0,"3":0,"4":0,"5":0,"6":0,"7":0,"8":0,"9":0,"10":0},"b":{"0":[0],"1":[0,0],"2":[0],"3":[0],"4":[0],"5":[0],"6":[0],"7":[0],"8":[0,0]}}
,"/Users/kaitakumi/Documents/bono-training/src/utils/simplifiedSkillGuideParser.ts": {"path":"/Users/kaitakumi/Documents/bono-training/src/utils/simplifiedSkillGuideParser.ts","statementMap":{"0":{"start":{"line":27,"column":40},"end":{"line":29,"column":1}},"1":{"start":{"line":28,"column":2},"end":{"line":28,"column":34}},"2":{"start":{"line":27,"column":13},"end":{"line":27,"column":40}},"3":{"start":{"line":34,"column":39},"end":{"line":36,"column":1}},"4":{"start":{"line":35,"column":2},"end":{"line":35,"column":35}},"5":{"start":{"line":34,"column":13},"end":{"line":34,"column":39}},"6":{"start":{"line":42,"column":46},"end":{"line":58,"column":1}},"7":{"start":{"line":43,"column":2},"end":{"line":57,"column":4}},"8":{"start":{"line":53,"column":40},"end":{"line":56,"column":6}},"9":{"start":{"line":42,"column":13},"end":{"line":42,"column":46}},"10":{"start":{"line":63,"column":35},"end":{"line":117,"column":1}},"11":{"start":{"line":64,"column":2},"end":{"line":66,"column":3}},"12":{"start":{"line":65,"column":4},"end":{"line":65,"column":14}},"13":{"start":{"line":68,"column":21},"end":{"line":90,"column":17}},"14":{"start":{"line":69,"column":26},"end":{"line":71,"column":10}},"15":{"start":{"line":73,"column":17},"end":{"line":80,"column":8}},"16":{"start":{"line":83,"column":4},"end":{"line":87,"column":5}},"17":{"start":{"line":84,"column":6},"end":{"line":86,"column":37}},"18":{"start":{"line":89,"column":4},"end":{"line":89,"column":18}},"19":{"start":{"line":92,"column":2},"end":{"line":116,"column":8}},"20":{"start":{"line":63,"column":13},"end":{"line":63,"column":35}}},"fnMap":{"0":{"name":"(anonymous_0)","decl":{"start":{"line":27,"column":40},"end":{"line":27,"column":41}},"loc":{"start":{"line":27,"column":90},"end":{"line":29,"column":1}}},"1":{"name":"(anonymous_1)","decl":{"start":{"line":34,"column":39},"end":{"line":34,"column":40}},"loc":{"start":{"line":34,"column":94},"end":{"line":36,"column":1}}},"2":{"name":"(anonymous_2)","decl":{"start":{"line":42,"column":46},"end":{"line":42,"column":47}},"loc":{"start":{"line":42,"column":85},"end":{"line":58,"column":1}}},"3":{"name":"(anonymous_3)","decl":{"start":{"line":53,"column":31},"end":{"line":53,"column":35}},"loc":{"start":{"line":53,"column":40},"end":{"line":56,"column":6}}},"4":{"name":"(anonymous_4)","decl":{"start":{"line":63,"column":35},"end":{"line":63,"column":36}},"loc":{"start":{"line":63,"column":67},"end":{"line":117,"column":1}}},"5":{"name":"(anonymous_5)","decl":{"start":{"line":68,"column":32},"end":{"line":68,"column":33}},"loc":{"start":{"line":68,"column":49},"end":{"line":90,"column":3}}}},"branchMap":{"0":{"loc":{"start":{"line":28,"column":9},"end":{"line":28,"column":33}},"type":"binary-expr","locations":[{"start":{"line":28,"column":9},"end":{"line":28,"column":27}},{"start":{"line":28,"column":31},"end":{"line":28,"column":33}}]},"1":{"loc":{"start":{"line":35,"column":9},"end":{"line":35,"column":34}},"type":"binary-expr","locations":[{"start":{"line":35,"column":9},"end":{"line":35,"column":26}},{"start":{"line":35,"column":30},"end":{"line":35,"column":34}}]},"2":{"loc":{"start":{"line":46,"column":16},"end":{"line":52,"column":17}},"type":"cond-expr","locations":[{"start":{"line":46,"column":35},"end":{"line":52,"column":6}},{"start":{"line":52,"column":8},"end":{"line":52,"column":17}}]},"3":{"loc":{"start":{"line":64,"column":2},"end":{"line":66,"column":3}},"type":"if","locations":[{"start":{"line":64,"column":2},"end":{"line":66,"column":3}}]},"4":{"loc":{"start":{"line":64,"column":6},"end":{"line":64,"column":36}},"type":"binary-expr","locations":[{"start":{"line":64,"column":6},"end":{"line":64,"column":13}},{"start":{"line":64,"column":17},"end":{"line":64,"column":36}}]},"5":{"loc":{"start":{"line":69,"column":26},"end":{"line":71,"column":10}},"type":"cond-expr","locations":[{"start":{"line":70,"column":8},"end":{"line":70,"column":51}},{"start":{"line":71,"column":8},"end":{"line":71,"column":10}}]},"6":{"loc":{"start":{"line":83,"column":4},"end":{"line":87,"column":5}},"type":"if","locations":[{"start":{"line":83,"column":4},"end":{"line":87,"column":5}}]}},"s":{"0":0,"1":0,"2":0,"3":0,"4":0,"5":0,"6":0,"7":0,"8":0,"9":0,"10":0,"11":0,"12":0,"13":0,"14":0,"15":0,"16":0,"17":0,"18":0,"19":0,"20":0},"f":{"0":0,"1":0,"2":0,"3":0,"4":0,"5":0},"b":{"0":[0,0],"1":[0,0],"2":[0,0],"3":[0],"4":[0,0],"5":[0,0],"6":[0]}}
,"/Users/kaitakumi/Documents/bono-training/src/utils/subscriptionPlans.ts": {"path":"/Users/kaitakumi/Documents/bono-training/src/utils/subscriptionPlans.ts","statementMap":{"0":{"start":{"line":80,"column":0},"end":{"line":80,"column":16}},"1":{"start":{"line":111,"column":0},"end":{"line":111,"column":16}},"2":{"start":{"line":120,"column":0},"end":{"line":120,"column":16}},"3":{"start":{"line":129,"column":0},"end":{"line":129,"column":16}},"4":{"start":{"line":139,"column":0},"end":{"line":139,"column":16}},"5":{"start":{"line":162,"column":0},"end":{"line":162,"column":16}},"6":{"start":{"line":16,"column":13},"end":{"line":19,"column":2}},"7":{"start":{"line":22,"column":13},"end":{"line":65,"column":2}},"8":{"start":{"line":82,"column":2},"end":{"line":84,"column":3}},"9":{"start":{"line":83,"column":4},"end":{"line":83,"column":17}},"10":{"start":{"line":87,"column":2},"end":{"line":94,"column":3}},"11":{"start":{"line":88,"column":27},"end":{"line":88,"column":55}},"12":{"start":{"line":89,"column":16},"end":{"line":89,"column":26}},"13":{"start":{"line":90,"column":4},"end":{"line":93,"column":5}},"14":{"start":{"line":91,"column":6},"end":{"line":91,"column":98}},"15":{"start":{"line":92,"column":6},"end":{"line":92,"column":19}},"16":{"start":{"line":97,"column":23},"end":{"line":97,"column":55}},"17":{"start":{"line":98,"column":2},"end":{"line":101,"column":3}},"18":{"start":{"line":99,"column":4},"end":{"line":99,"column":49}},"19":{"start":{"line":100,"column":4},"end":{"line":100,"column":17}},"20":{"start":{"line":103,"column":2},"end":{"line":103,"column":50}},"21":{"start":{"line":112,"column":2},"end":{"line":112,"column":48}},"22":{"start":{"line":121,"column":2},"end":{"line":121,"column":50}},"23":{"start":{"line":130,"column":2},"end":{"line":130,"column":30}},"24":{"start":{"line":130,"column":17},"end":{"line":130,"column":30}},"25":{"start":{"line":131,"column":2},"end":{"line":131,"column":55}},"26":{"start":{"line":140,"column":29},"end":{"line":140,"column":31}},"27":{"start":{"line":142,"column":2},"end":{"line":142,"column":42}},"28":{"start":{"line":142,"column":17},"end":{"line":142,"column":42}},"29":{"start":{"line":144,"column":2},"end":{"line":146,"column":3}},"30":{"start":{"line":145,"column":4},"end":{"line":145,"column":35}},"31":{"start":{"line":148,"column":2},"end":{"line":152,"column":3}},"32":{"start":{"line":149,"column":4},"end":{"line":149,"column":39}},"33":{"start":{"line":150,"column":4},"end":{"line":150,"column":37}},"34":{"start":{"line":151,"column":4},"end":{"line":151,"column":40}},"35":{"start":{"line":154,"column":2},"end":{"line":154,"column":60}},"36":{"start":{"line":163,"column":2},"end":{"line":163,"column":30}},"37":{"start":{"line":163,"column":17},"end":{"line":163,"column":30}},"38":{"start":{"line":164,"column":2},"end":{"line":164,"column":64}}},"fnMap":{"0":{"name":"hasAccessToContent","decl":{"start":{"line":80,"column":16},"end":{"line":80,"column":34}},"loc":{"start":{"line":80,"column":89},"end":{"line":104,"column":1}}},"1":{"name":"hasMemberAccess","decl":{"start":{"line":111,"column":16},"end":{"line":111,"column":31}},"loc":{"start":{"line":111,"column":54},"end":{"line":113,"column":1}}},"2":{"name":"hasLearningAccess","decl":{"start":{"line":120,"column":16},"end":{"line":120,"column":33}},"loc":{"start":{"line":120,"column":56},"end":{"line":122,"column":1}}},"3":{"name":"hasTrainingAccess","decl":{"start":{"line":129,"column":16},"end":{"line":129,"column":33}},"loc":{"start":{"line":129,"column":59},"end":{"line":132,"column":1}}},"4":{"name":"getPlanBenefits","decl":{"start":{"line":139,"column":16},"end":{"line":139,"column":31}},"loc":{"start":{"line":139,"column":57},"end":{"line":155,"column":1}}},"5":{"name":"isValidPlanType","decl":{"start":{"line":162,"column":16},"end":{"line":162,"column":31}},"loc":{"start":{"line":162,"column":67},"end":{"line":165,"column":1}}}},"branchMap":{"0":{"loc":{"start":{"line":82,"column":2},"end":{"line":84,"column":3}},"type":"if","locations":[{"start":{"line":82,"column":2},"end":{"line":84,"column":3}}]},"1":{"loc":{"start":{"line":82,"column":6},"end":{"line":82,"column":59}},"type":"binary-expr","locations":[{"start":{"line":82,"column":6},"end":{"line":82,"column":15}},{"start":{"line":82,"column":19},"end":{"line":82,"column":37}},{"start":{"line":82,"column":41},"end":{"line":82,"column":59}}]},"2":{"loc":{"start":{"line":87,"column":2},"end":{"line":94,"column":3}},"type":"if","locations":[{"start":{"line":87,"column":2},"end":{"line":94,"column":3}}]},"3":{"loc":{"start":{"line":90,"column":4},"end":{"line":93,"column":5}},"type":"if","locations":[{"start":{"line":90,"column":4},"end":{"line":93,"column":5}}]},"4":{"loc":{"start":{"line":98,"column":2},"end":{"line":101,"column":3}},"type":"if","locations":[{"start":{"line":98,"column":2},"end":{"line":101,"column":3}}]},"5":{"loc":{"start":{"line":98,"column":6},"end":{"line":98,"column":51}},"type":"binary-expr","locations":[{"start":{"line":98,"column":6},"end":{"line":98,"column":19}},{"start":{"line":98,"column":23},"end":{"line":98,"column":51}}]},"6":{"loc":{"start":{"line":130,"column":2},"end":{"line":130,"column":30}},"type":"if","locations":[{"start":{"line":130,"column":2},"end":{"line":130,"column":30}}]},"7":{"loc":{"start":{"line":142,"column":2},"end":{"line":142,"column":42}},"type":"if","locations":[{"start":{"line":142,"column":2},"end":{"line":142,"column":42}}]},"8":{"loc":{"start":{"line":144,"column":2},"end":{"line":146,"column":3}},"type":"if","locations":[{"start":{"line":144,"column":2},"end":{"line":146,"column":3}}]},"9":{"loc":{"start":{"line":148,"column":2},"end":{"line":152,"column":3}},"type":"if","locations":[{"start":{"line":148,"column":2},"end":{"line":152,"column":3}}]},"10":{"loc":{"start":{"line":154,"column":9},"end":{"line":154,"column":59}},"type":"cond-expr","locations":[{"start":{"line":154,"column":31},"end":{"line":154,"column":39}},{"start":{"line":154,"column":42},"end":{"line":154,"column":59}}]},"11":{"loc":{"start":{"line":163,"column":2},"end":{"line":163,"column":30}},"type":"if","locations":[{"start":{"line":163,"column":2},"end":{"line":163,"column":30}}]}},"s":{"0":0,"1":0,"2":0,"3":0,"4":0,"5":0,"6":0,"7":0,"8":0,"9":0,"10":0,"11":0,"12":0,"13":0,"14":0,"15":0,"16":0,"17":0,"18":0,"19":0,"20":0,"21":0,"22":0,"23":0,"24":0,"25":0,"26":0,"27":0,"28":0,"29":0,"30":0,"31":0,"32":0,"33":0,"34":0,"35":0,"36":0,"37":0,"38":0},"f":{"0":0,"1":0,"2":0,"3":0,"4":0,"5":0},"b":{"0":[0],"1":[0,0,0],"2":[0],"3":[0],"4":[0],"5":[0,0],"6":[0],"7":[0],"8":[0],"9":[0],"10":[0,0],"11":[0]}}
}
