TN:
SF:src/__tests__/setup.ts
FN:5,(anonymous_0)
FN:13,(anonymous_1)
FN:23,(anonymous_2)
FN:27,(anonymous_3)
FN:28,(anonymous_4)
FN:33,(anonymous_5)
FN:34,(anonymous_6)
FNF:7
FNH:0
FNDA:0,(anonymous_0)
FNDA:0,(anonymous_1)
FNDA:0,(anonymous_2)
FNDA:0,(anonymous_3)
FNDA:0,(anonymous_4)
FNDA:0,(anonymous_5)
FNDA:0,(anonymous_6)
DA:2,0
DA:5,0
DA:13,0
DA:23,0
DA:24,0
DA:25,0
DA:27,0
DA:28,0
DA:33,0
DA:34,0
LF:10
LH:0
BRF:0
BRH:0
end_of_record
TN:
SF:src/__tests__/edge-functions/test-utils.ts
FN:6,(anonymous_7)
FN:8,(anonymous_8)
FN:9,(anonymous_9)
FN:13,(anonymous_10)
FN:17,(anonymous_11)
FN:147,(anonymous_12)
FN:147,(anonymous_13)
FN:160,(anonymous_14)
FN:160,(anonymous_15)
FNF:9
FNH:0
FNDA:0,(anonymous_7)
FNDA:0,(anonymous_8)
FNDA:0,(anonymous_9)
FNDA:0,(anonymous_10)
FNDA:0,(anonymous_11)
FNDA:0,(anonymous_12)
FNDA:0,(anonymous_13)
FNDA:0,(anonymous_14)
FNDA:0,(anonymous_15)
DA:6,1
DA:8,0
DA:9,0
DA:14,0
DA:15,0
DA:16,0
DA:17,0
DA:21,0
DA:33,1
DA:105,1
DA:146,1
DA:147,0
DA:148,0
DA:149,0
DA:151,0
DA:152,0
DA:153,0
DA:154,0
DA:155,0
DA:157,0
DA:160,0
DA:161,0
DA:162,0
DA:164,0
DA:165,0
DA:166,0
DA:167,0
DA:168,0
DA:170,0
LF:29
LH:4
BRDA:10,0,0,0
BRDA:10,0,1,0
BRDA:11,1,0,0
BRDA:11,1,1,0
BRDA:14,2,0,0
BRDA:14,2,1,0
BRDA:14,3,0,0
BRDA:14,3,1,0
BRDA:15,4,0,0
BRDA:154,5,0,0
BRDA:167,6,0,0
BRF:11
BRH:0
end_of_record
TN:
SF:src/components/layout/Sidebar/icon-utils.ts
FNF:0
FNH:0
DA:11,0
LF:1
LH:0
BRF:0
BRH:0
end_of_record
TN:
SF:src/components/layout/Sidebar/icons.tsx
FNF:0
FNH:0
DA:10,0
DA:24,0
LF:2
LH:0
BRF:0
BRH:0
end_of_record
TN:
SF:src/components/ui/aspect-ratio.tsx
FNF:0
FNH:0
DA:1,0
DA:3,0
DA:5,0
LF:3
LH:0
BRF:0
BRH:0
end_of_record
TN:
SF:src/components/ui/collapsible.tsx
FNF:0
FNH:0
DA:1,0
DA:3,0
DA:5,0
DA:7,0
DA:9,0
LF:5
LH:0
BRF:0
BRH:0
end_of_record
TN:
SF:src/components/ui/use-toast.ts
FN:3,(anonymous_0)
FN:3,(anonymous_1)
FNF:2
FNH:0
FNDA:0,(anonymous_0)
FNDA:0,(anonymous_1)
DA:1,0
DA:3,0
LF:2
LH:0
BRF:0
BRH:0
end_of_record
TN:
SF:src/data/mockContent.ts
FN:59,(anonymous_0)
FN:64,(anonymous_1)
FN:88,(anonymous_2)
FN:89,(anonymous_3)
FNF:4
FNH:0
FNDA:0,(anonymous_0)
FNDA:0,(anonymous_1)
FNDA:0,(anonymous_2)
FNDA:0,(anonymous_3)
DA:4,0
DA:59,0
DA:64,0
DA:65,0
DA:66,0
DA:69,0
DA:70,0
DA:73,0
DA:74,0
DA:75,0
DA:81,0
DA:88,0
DA:89,0
LF:13
LH:0
BRDA:65,0,0,0
BRDA:65,1,0,0
BRDA:65,1,1,0
BRDA:69,2,0,0
BRDA:69,3,0,0
BRDA:69,3,1,0
BRDA:73,4,0,0
BRDA:76,5,0,0
BRDA:76,5,1,0
BRF:9
BRH:0
end_of_record
TN:
SF:src/hooks/use-mobile.tsx
FN:8,useMobile
FN:11,(anonymous_7)
FN:13,(anonymous_8)
FN:18,(anonymous_9)
FN:25,useTablet
FN:28,(anonymous_11)
FN:30,(anonymous_12)
FN:35,(anonymous_13)
FN:42,useDesktop
FN:45,(anonymous_15)
FN:47,(anonymous_16)
FN:52,(anonymous_17)
FNF:12
FNH:0
FNDA:0,useMobile
FNDA:0,(anonymous_7)
FNDA:0,(anonymous_8)
FNDA:0,(anonymous_9)
FNDA:0,useTablet
FNDA:0,(anonymous_11)
FNDA:0,(anonymous_12)
FNDA:0,(anonymous_13)
FNDA:0,useDesktop
FNDA:0,(anonymous_15)
FNDA:0,(anonymous_16)
FNDA:0,(anonymous_17)
DA:2,0
DA:4,0
DA:5,0
DA:8,0
DA:9,0
DA:11,0
DA:12,0
DA:13,0
DA:14,0
DA:16,0
DA:17,0
DA:18,0
DA:21,0
DA:25,0
DA:26,0
DA:28,0
DA:29,0
DA:30,0
DA:31,0
DA:33,0
DA:34,0
DA:35,0
DA:38,0
DA:42,0
DA:43,0
DA:45,0
DA:46,0
DA:47,0
DA:48,0
DA:50,0
DA:51,0
DA:52,0
DA:55,0
DA:59,0
LF:34
LH:0
BRDA:31,0,0,0
BRDA:31,0,1,0
BRDA:34,1,0,0
BRDA:34,1,1,0
BRF:4
BRH:0
end_of_record
TN:
SF:src/hooks/useTrainingCache.ts
FN:9,(anonymous_0)
FN:23,(anonymous_1)
FN:26,(anonymous_2)
FN:38,(anonymous_3)
FN:41,(anonymous_4)
FN:53,(anonymous_5)
FN:56,(anonymous_6)
FN:60,(anonymous_7)
FN:64,(anonymous_8)
FN:68,(anonymous_9)
FN:71,(anonymous_10)
FNF:11
FNH:0
FNDA:0,(anonymous_0)
FNDA:0,(anonymous_1)
FNDA:0,(anonymous_2)
FNDA:0,(anonymous_3)
FNDA:0,(anonymous_4)
FNDA:0,(anonymous_5)
FNDA:0,(anonymous_6)
FNDA:0,(anonymous_7)
FNDA:0,(anonymous_8)
FNDA:0,(anonymous_9)
FNDA:0,(anonymous_10)
DA:2,0
DA:3,0
DA:9,0
DA:10,0
DA:23,0
DA:24,0
DA:26,0
DA:38,0
DA:39,0
DA:41,0
DA:53,0
DA:54,0
DA:56,0
DA:57,0
DA:60,0
DA:61,0
DA:64,0
DA:65,0
DA:68,0
DA:69,0
DA:71,0
DA:76,0
LF:22
LH:0
BRDA:45,0,0,0
BRDA:45,0,1,0
BRF:2
BRH:0
end_of_record
TN:
SF:src/integrations/supabase/client.ts
FNF:0
FNH:0
DA:2,0
DA:5,0
DA:6,0
DA:11,0
LF:4
LH:0
BRF:0
BRH:0
end_of_record
TN:
SF:src/integrations/supabase/types.ts
FNF:0
FNH:0
DA:326,0
LF:1
LH:0
BRF:0
BRH:0
end_of_record
TN:
SF:src/lib/content-splitter.ts
FN:15,splitPremiumContent
FN:66,getDisplayContent
FNF:2
FNH:0
FNDA:0,splitPremiumContent
FNDA:0,getDisplayContent
DA:15,0
DA:20,0
DA:21,0
DA:22,0
DA:29,0
DA:30,0
DA:31,0
DA:38,0
DA:39,0
DA:46,0
DA:47,0
DA:48,0
DA:54,0
DA:55,0
DA:66,0
DA:73,0
DA:74,0
DA:75,0
DA:78,0
DA:79,0
DA:80,0
DA:83,0
DA:84,0
DA:85,0
DA:89,0
DA:90,0
DA:94,0
DA:95,0
DA:99,0
DA:100,0
DA:102,0
DA:104,0
DA:107,0
DA:110,0
DA:112,0
LF:35
LH:0
BRDA:17,0,0,0
BRDA:20,1,0,0
BRDA:20,2,0,0
BRDA:20,2,1,0
BRDA:29,3,0,0
BRDA:29,4,0,0
BRDA:29,4,1,0
BRDA:38,5,0,0
BRDA:49,6,0,0
BRDA:49,6,1,0
BRDA:49,7,0,0
BRDA:49,7,1,0
BRDA:49,8,0,0
BRDA:49,8,1,0
BRDA:50,9,0,0
BRDA:50,9,1,0
BRDA:50,10,0,0
BRDA:50,10,1,0
BRDA:50,11,0,0
BRDA:50,11,1,0
BRDA:70,12,0,0
BRDA:73,13,0,0
BRDA:73,14,0,0
BRDA:73,14,1,0
BRDA:78,15,0,0
BRDA:83,16,0,0
BRDA:89,17,0,0
BRDA:94,18,0,0
BRDA:102,19,0,0
BRDA:102,19,1,0
BRF:30
BRH:0
end_of_record
TN:
SF:src/lib/simple-frontmatter.ts
FN:11,parseFrontmatter
FN:41,(anonymous_1)
FNF:2
FNH:0
FNDA:0,parseFrontmatter
FNDA:0,(anonymous_1)
DA:11,0
DA:15,0
DA:16,0
DA:18,0
DA:19,0
DA:21,0
DA:22,0
DA:23,0
DA:25,0
DA:26,0
DA:29,0
DA:33,0
DA:37,0
DA:38,0
DA:41,0
DA:45,0
DA:46,0
DA:47,0
DA:49,0
DA:52,0
LF:20
LH:0
BRDA:16,0,0,0
BRDA:23,1,0,0
BRDA:29,2,0,0
BRDA:30,3,0,0
BRDA:30,3,1,0
BRDA:30,3,2,0
BRDA:30,3,3,0
BRDA:37,4,0,0
BRDA:37,5,0,0
BRDA:37,5,1,0
BRDA:45,6,0,0
BRDA:45,6,1,0
BRDA:46,7,0,0
BRDA:46,7,1,0
BRDA:47,8,0,0
BRF:15
BRH:0
end_of_record
TN:
SF:src/lib/utils.ts
FN:4,cn
FNF:1
FNH:0
FNDA:0,cn
DA:1,0
DA:2,0
DA:4,0
DA:5,0
LF:4
LH:0
BRF:0
BRH:0
end_of_record
TN:
SF:src/services/auth.ts
FN:13,(anonymous_7)
FN:17,(anonymous_8)
FN:85,(anonymous_9)
FN:89,(anonymous_10)
FN:142,(anonymous_11)
FN:144,(anonymous_12)
FN:161,(anonymous_13)
FN:164,(anonymous_14)
FN:197,(anonymous_15)
FN:200,(anonymous_16)
FNF:10
FNH:0
FNDA:0,(anonymous_7)
FNDA:0,(anonymous_8)
FNDA:0,(anonymous_9)
FNDA:0,(anonymous_10)
FNDA:0,(anonymous_11)
FNDA:0,(anonymous_12)
FNDA:0,(anonymous_13)
FNDA:0,(anonymous_14)
FNDA:0,(anonymous_15)
FNDA:0,(anonymous_16)
DA:1,0
DA:13,0
DA:17,0
DA:18,0
DA:20,0
DA:26,0
DA:27,0
DA:30,0
DA:34,0
DA:40,0
DA:46,0
DA:51,0
DA:52,0
DA:57,0
DA:61,0
DA:62,0
DA:67,0
DA:72,0
DA:74,0
DA:75,0
DA:80,0
DA:85,0
DA:89,0
DA:90,0
DA:92,0
DA:94,0
DA:99,0
DA:100,0
DA:103,0
DA:104,0
DA:109,0
DA:110,0
DA:116,0
DA:122,0
DA:125,0
DA:129,0
DA:131,0
DA:132,0
DA:137,0
DA:142,0
DA:144,0
DA:145,0
DA:146,0
DA:147,0
DA:151,0
DA:152,0
DA:161,0
DA:164,0
DA:165,0
DA:166,0
DA:170,0
DA:171,0
DA:172,0
DA:177,0
DA:180,0
DA:184,0
DA:186,0
DA:187,0
DA:192,0
DA:197,0
DA:200,0
DA:201,0
DA:202,0
DA:206,0
DA:207,0
DA:208,0
DA:213,0
DA:216,0
DA:220,0
DA:222,0
DA:223,0
DA:228,0
LF:72
LH:0
BRDA:26,0,0,0
BRDA:30,1,0,0
BRDA:30,1,1,0
BRDA:30,2,0,0
BRDA:30,2,1,0
BRDA:30,2,2,0
BRDA:30,2,3,0
BRDA:51,3,0,0
BRDA:51,4,0,0
BRDA:51,4,1,0
BRDA:51,4,2,0
BRDA:51,5,0,0
BRDA:51,5,1,0
BRDA:51,6,0,0
BRDA:51,6,1,0
BRDA:61,7,0,0
BRDA:61,7,1,0
BRDA:61,8,0,0
BRDA:61,8,1,0
BRDA:61,9,0,0
BRDA:61,9,1,0
BRDA:61,10,0,0
BRDA:61,10,1,0
BRDA:99,11,0,0
BRDA:103,12,0,0
BRDA:103,12,1,0
BRDA:109,13,0,0
BRDA:109,13,1,0
BRDA:170,14,0,0
BRDA:206,15,0,0
BRF:30
BRH:0
end_of_record
TN:
SF:src/services/content.ts
FN:11,getContentById
FNF:1
FNH:0
FNDA:0,getContentById
DA:2,0
DA:4,0
DA:11,0
DA:16,0
DA:17,0
DA:18,0
DA:19,0
DA:25,0
DA:28,0
DA:29,0
DA:31,0
DA:73,0
DA:74,0
DA:75,0
DA:77,0
DA:84,0
DA:97,0
DA:102,0
DA:103,0
LF:19
LH:0
BRDA:17,0,0,0
BRDA:29,1,0,0
BRDA:29,1,1,0
BRDA:29,2,0,0
BRDA:29,2,1,0
BRDA:31,3,0,0
BRDA:31,3,1,0
BRDA:74,4,0,0
BRDA:75,5,0,0
BRDA:75,5,1,0
BRDA:75,6,0,0
BRDA:75,6,1,0
BRDA:87,7,0,0
BRDA:87,7,1,0
BRDA:88,8,0,0
BRDA:88,8,1,0
BRDA:105,9,0,0
BRDA:105,9,1,0
BRF:18
BRH:0
end_of_record
TN:
SF:src/services/training.ts
FN:3,(anonymous_0)
FN:4,(anonymous_1)
FN:5,(anonymous_2)
FN:6,(anonymous_3)
FN:6,(anonymous_4)
FNF:5
FNH:0
FNDA:0,(anonymous_0)
FNDA:0,(anonymous_1)
FNDA:0,(anonymous_2)
FNDA:0,(anonymous_3)
FNDA:0,(anonymous_4)
DA:3,0
DA:4,0
DA:5,0
DA:6,0
LF:4
LH:0
BRF:0
BRH:0
end_of_record
TN:
SF:src/services/training/local-content-fallback.ts
FN:7,(anonymous_7)
FN:7,(anonymous_8)
FN:111,(anonymous_9)
FN:115,(anonymous_10)
FN:183,(anonymous_11)
FNF:5
FNH:0
FNDA:0,(anonymous_7)
FNDA:0,(anonymous_8)
FNDA:0,(anonymous_9)
FNDA:0,(anonymous_10)
FNDA:0,(anonymous_11)
DA:7,0
DA:8,0
DA:10,0
DA:12,0
DA:17,0
DA:18,0
DA:20,0
DA:25,0
DA:27,0
DA:92,0
DA:93,0
DA:97,0
DA:99,0
DA:100,0
DA:101,0
DA:102,0
DA:103,0
DA:106,0
DA:107,0
DA:110,0
DA:111,0
DA:113,0
DA:115,0
DA:116,0
DA:117,0
DA:118,0
DA:119,0
DA:122,0
DA:123,0
DA:124,0
DA:126,0
DA:127,0
DA:128,0
DA:130,0
DA:134,0
DA:141,0
DA:164,0
DA:172,0
DA:175,0
DA:176,0
DA:183,0
DA:185,0
DA:186,0
DA:190,0
DA:194,0
LF:45
LH:0
BRDA:17,0,0,0
BRDA:17,0,1,0
BRDA:25,1,0,0
BRDA:25,1,1,0
BRDA:25,2,0,0
BRDA:25,2,1,0
BRDA:100,3,0,0
BRDA:117,4,0,0
BRDA:117,4,1,0
BRDA:122,5,0,0
BRDA:122,5,1,0
BRDA:123,6,0,0
BRDA:123,6,1,0
BRDA:124,7,0,0
BRDA:124,8,0,0
BRDA:124,8,1,0
BRDA:144,9,0,0
BRDA:144,9,1,0
BRDA:146,10,0,0
BRDA:146,10,1,0
BRDA:147,11,0,0
BRDA:147,11,1,0
BRDA:152,12,0,0
BRDA:152,12,1,0
BRDA:185,13,0,0
BRDA:190,14,0,0
BRDA:190,14,1,0
BRF:27
BRH:0
end_of_record
TN:
SF:src/services/training/progress.ts
FN:7,(anonymous_7)
FN:7,(anonymous_8)
FN:17,(anonymous_9)
FN:34,(anonymous_10)
FN:34,(anonymous_11)
FNF:5
FNH:0
FNDA:0,(anonymous_7)
FNDA:0,(anonymous_8)
FNDA:0,(anonymous_9)
FNDA:0,(anonymous_10)
FNDA:0,(anonymous_11)
DA:2,0
DA:7,0
DA:8,0
DA:9,0
DA:14,0
DA:16,0
DA:17,0
DA:18,0
DA:24,0
DA:26,0
DA:27,0
DA:34,0
DA:35,0
DA:36,0
DA:38,0
DA:47,0
DA:48,0
DA:50,0
DA:51,0
LF:19
LH:0
BRDA:14,0,0,0
BRDA:17,1,0,0
BRDA:17,1,1,0
BRDA:17,2,0,0
BRDA:17,2,1,0
BRDA:36,3,0,0
BRDA:36,3,1,0
BRDA:47,4,0,0
BRF:8
BRH:0
end_of_record
TN:
SF:src/services/training/task-detail.ts
FN:11,(anonymous_7)
FN:13,(anonymous_8)
FN:23,(anonymous_9)
FN:41,(anonymous_10)
FN:49,(anonymous_11)
FN:56,(anonymous_12)
FN:104,(anonymous_13)
FN:104,(anonymous_14)
FNF:8
FNH:0
FNDA:0,(anonymous_7)
FNDA:0,(anonymous_8)
FNDA:0,(anonymous_9)
FNDA:0,(anonymous_10)
FNDA:0,(anonymous_11)
FNDA:0,(anonymous_12)
FNDA:0,(anonymous_13)
FNDA:0,(anonymous_14)
DA:2,0
DA:4,0
DA:5,0
DA:6,0
DA:11,0
DA:12,0
DA:13,0
DA:15,0
DA:16,0
DA:23,0
DA:24,0
DA:25,0
DA:29,0
DA:30,0
DA:32,0
DA:33,0
DA:36,0
DA:37,0
DA:41,0
DA:42,0
DA:43,0
DA:44,0
DA:45,0
DA:46,0
DA:49,0
DA:50,0
DA:51,0
DA:52,0
DA:53,0
DA:56,0
DA:57,0
DA:58,0
DA:59,0
DA:60,0
DA:64,0
DA:88,0
DA:98,0
DA:104,0
DA:105,0
DA:106,0
DA:113,0
DA:114,0
DA:115,0
DA:118,0
DA:119,0
DA:123,0
DA:131,0
DA:138,0
DA:148,0
DA:149,0
DA:151,0
DA:152,0
DA:153,0
DA:154,0
DA:155,0
DA:157,0
DA:160,0
DA:164,0
DA:168,0
DA:169,0
DA:171,0
DA:174,0
DA:177,0
DA:178,0
DA:179,0
DA:180,0
DA:181,0
DA:182,0
DA:185,0
DA:189,0
DA:190,0
DA:193,0
DA:194,0
LF:73
LH:0
BRDA:11,0,0,0
BRDA:13,1,0,0
BRDA:13,1,1,0
BRDA:13,2,0,0
BRDA:13,2,1,0
BRDA:13,3,0,0
BRDA:13,3,1,0
BRDA:24,4,0,0
BRDA:32,5,0,0
BRDA:32,6,0,0
BRDA:32,6,1,0
BRDA:36,7,0,0
BRDA:36,8,0,0
BRDA:36,8,1,0
BRDA:43,9,0,0
BRDA:44,10,0,0
BRDA:45,11,0,0
BRDA:51,12,0,0
BRDA:53,13,0,0
BRDA:53,13,1,0
BRDA:58,14,0,0
BRDA:60,15,0,0
BRDA:60,15,1,0
BRDA:114,16,0,0
BRDA:114,17,0,0
BRDA:114,17,1,0
BRDA:118,18,0,0
BRDA:118,19,0,0
BRDA:118,19,1,0
BRDA:141,20,0,0
BRDA:141,20,1,0
BRDA:143,21,0,0
BRDA:143,21,1,0
BRDA:143,22,0,0
BRDA:143,22,1,0
BRDA:144,23,0,0
BRDA:144,23,1,0
BRDA:144,24,0,0
BRDA:144,24,1,0
BRDA:148,25,0,0
BRDA:153,26,0,0
BRDA:153,26,1,0
BRDA:180,27,0,0
BRDA:189,28,0,0
BRF:44
BRH:0
end_of_record
TN:
SF:src/services/training/training-detail.ts
FN:10,(anonymous_7)
FN:10,(anonymous_8)
FNF:2
FNH:0
FNDA:0,(anonymous_7)
FNDA:0,(anonymous_8)
DA:2,0
DA:4,0
DA:5,0
DA:10,0
DA:11,0
DA:12,0
DA:14,0
DA:15,0
DA:18,0
DA:22,0
DA:23,0
DA:26,0
DA:30,0
DA:31,0
DA:34,0
DA:35,0
LF:16
LH:0
BRDA:14,0,0,0
BRDA:14,1,0,0
BRDA:14,1,1,0
BRDA:22,2,0,0
BRDA:30,3,0,0
BRF:5
BRH:0
end_of_record
TN:
SF:src/types/training.ts
FN:261,validateTrainingMeta
FN:267,(anonymous_1)
FN:274,validateTaskMeta
FN:280,(anonymous_3)
FNF:4
FNH:0
FNDA:0,validateTrainingMeta
FNDA:0,(anonymous_1)
FNDA:0,validateTaskMeta
FNDA:0,(anonymous_3)
DA:180,0
DA:185,0
DA:191,0
DA:207,0
DA:230,0
DA:240,0
DA:261,0
DA:262,0
DA:263,0
DA:264,0
DA:266,0
DA:267,0
DA:268,0
DA:270,0
DA:274,0
DA:275,0
DA:276,0
DA:277,0
DA:279,0
DA:280,0
DA:281,0
DA:283,0
LF:22
LH:0
BRDA:266,0,0,0
BRDA:279,1,0,0
BRF:2
BRH:0
end_of_record
TN:
SF:src/utils/errors.ts
FN:10,(anonymous_0)
FN:19,(anonymous_1)
FN:26,(anonymous_2)
FN:33,(anonymous_3)
FN:40,(anonymous_4)
FN:49,createErrorFromCode
FNF:6
FNH:0
FNDA:0,(anonymous_0)
FNDA:0,(anonymous_1)
FNDA:0,(anonymous_2)
FNDA:0,(anonymous_3)
FNDA:0,(anonymous_4)
FNDA:0,createErrorFromCode
DA:6,0
DA:11,0
DA:12,0
DA:13,0
DA:14,0
DA:18,0
DA:20,0
DA:21,0
DA:25,0
DA:27,0
DA:28,0
DA:32,0
DA:34,0
DA:35,0
DA:39,0
DA:41,0
DA:42,0
DA:49,0
DA:50,0
DA:52,0
DA:54,0
DA:56,0
DA:58,0
DA:60,0
LF:24
LH:0
BRDA:10,0,0,0
BRDA:19,1,0,0
BRDA:26,2,0,0
BRDA:33,3,0,0
BRDA:40,4,0,0
BRDA:50,5,0,0
BRDA:50,5,1,0
BRDA:50,5,2,0
BRDA:50,5,3,0
BRDA:50,5,4,0
BRDA:60,6,0,0
BRDA:60,6,1,0
BRF:12
BRH:0
end_of_record
TN:
SF:src/utils/loadTrainingContent.ts
FN:9,(anonymous_14)
FN:9,(anonymous_15)
FN:12,(anonymous_16)
FNF:3
FNH:0
FNDA:0,(anonymous_14)
FNDA:0,(anonymous_15)
FNDA:0,(anonymous_16)
DA:1,0
DA:2,0
DA:9,0
DA:10,0
DA:12,0
DA:13,0
DA:16,0
DA:17,0
DA:19,0
DA:20,0
DA:21,0
DA:23,0
DA:26,0
DA:28,0
DA:33,0
DA:34,0
DA:35,0
DA:37,0
DA:40,0
DA:43,0
DA:44,0
LF:21
LH:0
BRDA:19,0,0,0
BRDA:19,0,1,0
BRDA:34,1,0,0
BRF:3
BRH:0
end_of_record
TN:
SF:src/utils/parseContentSections.ts
FN:28,(anonymous_0)
FN:35,(anonymous_1)
FN:104,(anonymous_2)
FN:150,(anonymous_3)
FN:152,(anonymous_4)
FN:155,(anonymous_5)
FN:169,(anonymous_6)
FNF:7
FNH:0
FNDA:0,(anonymous_0)
FNDA:0,(anonymous_1)
FNDA:0,(anonymous_2)
FNDA:0,(anonymous_3)
FNDA:0,(anonymous_4)
FNDA:0,(anonymous_5)
FNDA:0,(anonymous_6)
DA:28,0
DA:33,0
DA:34,0
DA:35,0
DA:43,0
DA:46,0
DA:47,0
DA:48,0
DA:52,0
DA:53,0
DA:54,0
DA:57,0
DA:58,0
DA:59,0
DA:61,0
DA:62,0
DA:64,0
DA:65,0
DA:69,0
DA:70,0
DA:72,0
DA:73,0
DA:76,0
DA:81,0
DA:83,0
DA:84,0
DA:87,0
DA:93,0
DA:94,0
DA:97,0
DA:98,0
DA:104,0
DA:106,0
DA:107,0
DA:108,0
DA:112,0
DA:113,0
DA:116,0
DA:117,0
DA:118,0
DA:120,0
DA:121,0
DA:123,0
DA:124,0
DA:128,0
DA:132,0
DA:134,0
DA:139,0
DA:140,0
DA:143,0
DA:144,0
DA:150,0
DA:151,0
DA:152,0
DA:154,0
DA:155,0
DA:169,0
DA:170,0
DA:171,0
DA:173,0
DA:174,0
DA:175,0
DA:176,0
DA:177,0
DA:178,0
DA:180,0
DA:187,0
DA:188,0
DA:191,0
LF:69
LH:0
BRDA:33,0,0,0
BRDA:33,1,0,0
BRDA:33,1,1,0
BRDA:38,2,0,0
BRDA:38,2,1,0
BRDA:46,3,0,0
BRDA:46,4,0,0
BRDA:46,4,1,0
BRDA:52,5,0,0
BRDA:62,6,0,0
BRDA:62,6,1,0
BRDA:64,7,0,0
BRDA:72,8,0,0
BRDA:81,9,0,0
BRDA:83,10,0,0
BRDA:83,10,1,0
BRDA:93,11,0,0
BRDA:106,12,0,0
BRDA:106,13,0,0
BRDA:106,13,1,0
BRDA:112,14,0,0
BRDA:121,15,0,0
BRDA:121,15,1,0
BRDA:123,16,0,0
BRDA:132,17,0,0
BRDA:139,18,0,0
BRDA:173,19,0,0
BRDA:181,20,0,0
BRDA:181,20,1,0
BRDA:181,21,0,0
BRDA:181,21,1,0
BRDA:181,22,0,0
BRDA:181,22,1,0
BRDA:181,23,0,0
BRDA:181,23,1,0
BRDA:181,24,0,0
BRDA:181,24,1,0
BRDA:182,25,0,0
BRDA:182,25,1,0
BRDA:182,26,0,0
BRDA:182,26,1,0
BRDA:182,27,0,0
BRDA:182,27,1,0
BRDA:182,28,0,0
BRDA:182,28,1,0
BRDA:182,29,0,0
BRDA:182,29,1,0
BRDA:183,30,0,0
BRDA:183,30,1,0
BRDA:183,31,0,0
BRDA:183,31,1,0
BRDA:183,32,0,0
BRDA:183,32,1,0
BRDA:183,33,0,0
BRDA:183,33,1,0
BRDA:184,34,0,0
BRDA:184,34,1,0
BRDA:184,35,0,0
BRDA:184,35,1,0
BRDA:184,36,0,0
BRDA:184,36,1,0
BRDA:184,37,0,0
BRDA:184,37,1,0
BRF:63
BRH:0
end_of_record
TN:
SF:src/utils/planSession.ts
FN:23,(anonymous_0)
FN:37,(anonymous_1)
FN:51,(anonymous_2)
FN:60,(anonymous_3)
FN:73,(anonymous_4)
FN:92,(anonymous_5)
FN:103,(anonymous_6)
FN:133,(anonymous_7)
FN:176,(anonymous_8)
FN:189,(anonymous_9)
FN:196,(anonymous_10)
FNF:11
FNH:0
FNDA:0,(anonymous_0)
FNDA:0,(anonymous_1)
FNDA:0,(anonymous_2)
FNDA:0,(anonymous_3)
FNDA:0,(anonymous_4)
FNDA:0,(anonymous_5)
FNDA:0,(anonymous_6)
FNDA:0,(anonymous_7)
FNDA:0,(anonymous_8)
FNDA:0,(anonymous_9)
FNDA:0,(anonymous_10)
DA:16,0
DA:17,0
DA:18,0
DA:23,0
DA:24,0
DA:25,0
DA:27,0
DA:29,0
DA:30,0
DA:37,0
DA:38,0
DA:40,0
DA:41,0
DA:43,0
DA:44,0
DA:51,0
DA:52,0
DA:53,0
DA:54,0
DA:60,0
DA:61,0
DA:62,0
DA:63,0
DA:64,0
DA:66,0
DA:73,0
DA:74,0
DA:75,0
DA:76,0
DA:77,0
DA:78,0
DA:79,0
DA:82,0
DA:84,0
DA:85,0
DA:92,0
DA:93,0
DA:94,0
DA:96,0
DA:103,0
DA:104,0
DA:105,0
DA:110,0
DA:111,0
DA:112,0
DA:113,0
DA:117,0
DA:120,0
DA:122,0
DA:123,0
DA:125,0
DA:126,0
DA:133,0
DA:134,0
DA:136,0
DA:139,0
DA:140,0
DA:141,0
DA:143,0
DA:147,0
DA:148,0
DA:151,0
DA:152,0
DA:153,0
DA:154,0
DA:158,0
DA:159,0
DA:160,0
DA:161,0
DA:164,0
DA:165,0
DA:167,0
DA:168,0
DA:169,0
DA:176,0
DA:177,0
DA:178,0
DA:179,0
DA:180,0
DA:182,0
DA:189,0
DA:190,0
DA:196,0
DA:197,0
DA:198,0
DA:199,0
DA:205,0
LF:87
LH:0
BRDA:78,0,0,0
BRDA:79,1,0,0
BRDA:79,1,1,0
BRDA:111,2,0,0
BRDA:139,3,0,0
BRDA:141,4,0,0
BRDA:147,5,0,0
BRDA:152,6,0,0
BRDA:158,7,0,0
BRDA:198,8,0,0
BRDA:198,8,1,0
BRF:11
BRH:0
end_of_record
TN:
SF:src/utils/simplifiedSkillGuideParser.ts
FN:27,(anonymous_0)
FN:34,(anonymous_1)
FN:42,(anonymous_2)
FN:53,(anonymous_3)
FN:63,(anonymous_4)
FN:68,(anonymous_5)
FNF:6
FNH:0
FNDA:0,(anonymous_0)
FNDA:0,(anonymous_1)
FNDA:0,(anonymous_2)
FNDA:0,(anonymous_3)
FNDA:0,(anonymous_4)
FNDA:0,(anonymous_5)
DA:27,0
DA:28,0
DA:34,0
DA:35,0
DA:42,0
DA:43,0
DA:53,0
DA:63,0
DA:64,0
DA:65,0
DA:68,0
DA:69,0
DA:73,0
DA:83,0
DA:84,0
DA:89,0
DA:92,0
LF:17
LH:0
BRDA:28,0,0,0
BRDA:28,0,1,0
BRDA:35,1,0,0
BRDA:35,1,1,0
BRDA:46,2,0,0
BRDA:46,2,1,0
BRDA:64,3,0,0
BRDA:64,4,0,0
BRDA:64,4,1,0
BRDA:69,5,0,0
BRDA:69,5,1,0
BRDA:83,6,0,0
BRF:12
BRH:0
end_of_record
TN:
SF:src/utils/subscriptionPlans.ts
FN:80,hasAccessToContent
FN:111,hasMemberAccess
FN:120,hasLearningAccess
FN:129,hasTrainingAccess
FN:139,getPlanBenefits
FN:162,isValidPlanType
FNF:6
FNH:0
FNDA:0,hasAccessToContent
FNDA:0,hasMemberAccess
FNDA:0,hasLearningAccess
FNDA:0,hasTrainingAccess
FNDA:0,getPlanBenefits
FNDA:0,isValidPlanType
DA:16,0
DA:22,0
DA:80,0
DA:82,0
DA:83,0
DA:87,0
DA:88,0
DA:89,0
DA:90,0
DA:91,0
DA:92,0
DA:97,0
DA:98,0
DA:99,0
DA:100,0
DA:103,0
DA:111,0
DA:112,0
DA:120,0
DA:121,0
DA:129,0
DA:130,0
DA:131,0
DA:139,0
DA:140,0
DA:142,0
DA:144,0
DA:145,0
DA:148,0
DA:149,0
DA:150,0
DA:151,0
DA:154,0
DA:162,0
DA:163,0
DA:164,0
LF:36
LH:0
BRDA:82,0,0,0
BRDA:82,1,0,0
BRDA:82,1,1,0
BRDA:82,1,2,0
BRDA:87,2,0,0
BRDA:90,3,0,0
BRDA:98,4,0,0
BRDA:98,5,0,0
BRDA:98,5,1,0
BRDA:130,6,0,0
BRDA:142,7,0,0
BRDA:144,8,0,0
BRDA:148,9,0,0
BRDA:154,10,0,0
BRDA:154,10,1,0
BRDA:163,11,0,0
BRF:16
BRH:0
end_of_record
